

Started GET "/" for 127.0.0.1 at 2014-05-22 14:11:03 -0400
Processing by Rails::WelcomeController#index as HTML
  Rendered /Users/VincentGuerrero/.rvm/gems/ruby-2.1.1@global/gems/railties-4.0.4/lib/rails/templates/rails/welcome/index.html.erb (2.8ms)
Completed 200 OK in 35ms (Views: 15.7ms | ActiveRecord: 0.0ms)


Started GET "/" for 127.0.0.1 at 2014-05-22 14:19:34 -0400
Processing by Rails::WelcomeController#index as HTML
  Rendered /Users/VincentGuerrero/.rvm/gems/ruby-2.1.1@global/gems/railties-4.0.4/lib/rails/templates/rails/welcome/index.html.erb (2.7ms)
Completed 200 OK in 28ms (Views: 14.0ms | ActiveRecord: 0.0ms)
  [1m[36m (287.8ms)[0m  [1mCREATE TABLE `schema_migrations` (`version` varchar(255) NOT NULL) ENGINE=InnoDB[0m
  [1m[35m (331.9ms)[0m  CREATE UNIQUE INDEX `unique_schema_migrations` ON `schema_migrations` (`version`) 
  [1m[36mActiveRecord::SchemaMigration Load (127.4ms)[0m  [1mSELECT `schema_migrations`.* FROM `schema_migrations`[0m
Migrating to CreateCities (20140507135419)
  [1m[35m (199.1ms)[0m  CREATE TABLE `cities` (`id` int(11) DEFAULT NULL auto_increment PRIMARY KEY, `name` varchar(255) NOT NULL, `created_at` datetime, `updated_at` datetime) ENGINE=InnoDB
  [1m[36m (306.5ms)[0m  [1mCREATE INDEX `index_cities_on_name` ON `cities` (`name`) [0m
  [1m[35m (120.6ms)[0m  BEGIN
  [1m[36mSQL (121.1ms)[0m  [1mINSERT INTO `schema_migrations` (`version`) VALUES ('20140507135419')[0m
  [1m[35m (145.0ms)[0m  COMMIT
Migrating to CreateUsers (20140507135957)
  [1m[36m (242.2ms)[0m  [1mCREATE TABLE `users` (`id` int(11) DEFAULT NULL auto_increment PRIMARY KEY, `name` varchar(255) NOT NULL, `last_name` varchar(255) NOT NULL, `cellphone` varchar(255) NOT NULL, `phone` varchar(255), `address` varchar(255), `email` varchar(255) NOT NULL, `password` varchar(25) NOT NULL, `city_id` int(11), `created_at` datetime, `updated_at` datetime) ENGINE=InnoDB[0m
  [1m[35m (366.1ms)[0m  CREATE INDEX `index_users_on_city_id` ON `users` (`city_id`) 
  [1m[36m (723.4ms)[0m  [1mCREATE INDEX `index_users_on_email` ON `users` (`email`) [0m
  [1m[35m (239.4ms)[0m  BEGIN
  [1m[36mSQL (128.4ms)[0m  [1mINSERT INTO `schema_migrations` (`version`) VALUES ('20140507135957')[0m
  [1m[35m (131.3ms)[0m  COMMIT
Migrating to AddPasswordToUsers (20140508205420)
  [1m[36m (567.6ms)[0m  [1mALTER TABLE `users` ADD `password_digest` varchar(255)[0m
  [1m[35m (618.8ms)[0m  ALTER TABLE `users` DROP `password`
  [1m[36m (120.4ms)[0m  [1mBEGIN[0m
  [1m[35mSQL (118.9ms)[0m  INSERT INTO `schema_migrations` (`version`) VALUES ('20140508205420')
  [1m[36m (147.3ms)[0m  [1mCOMMIT[0m
Migrating to AddToken (20140510003753)
  [1m[35m (524.1ms)[0m  ALTER TABLE `users` ADD `auth_token` varchar(255)
  [1m[36m (125.2ms)[0m  [1mBEGIN[0m
  [1m[35mSQL (121.3ms)[0m  INSERT INTO `schema_migrations` (`version`) VALUES ('20140510003753')
  [1m[36m (164.7ms)[0m  [1mCOMMIT[0m
Migrating to CreateBrands (20140510202344)
  [1m[35m (253.9ms)[0m  CREATE TABLE `brands` (`id` int(11) DEFAULT NULL auto_increment PRIMARY KEY, `name` varchar(255) NOT NULL) ENGINE=InnoDB
  [1m[36m (354.6ms)[0m  [1mCREATE INDEX `index_brands_on_name` ON `brands` (`name`) [0m
  [1m[35m (137.5ms)[0m  BEGIN
  [1m[36mSQL (126.1ms)[0m  [1mINSERT INTO `schema_migrations` (`version`) VALUES ('20140510202344')[0m
  [1m[35m (134.4ms)[0m  COMMIT
Migrating to CreateModels (20140510202429)
  [1m[36m (209.4ms)[0m  [1mCREATE TABLE `models` (`id` int(11) DEFAULT NULL auto_increment PRIMARY KEY, `name` varchar(255) NOT NULL, `brand_id` int(11)) ENGINE=InnoDB[0m
  [1m[35m (275.2ms)[0m  CREATE INDEX `index_models_on_name` ON `models` (`name`) 
  [1m[36m (128.1ms)[0m  [1mBEGIN[0m
  [1m[35mSQL (132.2ms)[0m  INSERT INTO `schema_migrations` (`version`) VALUES ('20140510202429')
  [1m[36m (151.8ms)[0m  [1mCOMMIT[0m
Migrating to CreateTypes (20140510203400)
  [1m[35m (241.6ms)[0m  CREATE TABLE `types` (`id` int(11) DEFAULT NULL auto_increment PRIMARY KEY, `name` varchar(255) NOT NULL) ENGINE=InnoDB
  [1m[36m (276.6ms)[0m  [1mCREATE INDEX `index_types_on_name` ON `types` (`name`) [0m
  [1m[35m (123.3ms)[0m  BEGIN
  [1m[36mSQL (131.6ms)[0m  [1mINSERT INTO `schema_migrations` (`version`) VALUES ('20140510203400')[0m
  [1m[35m (130.6ms)[0m  COMMIT
Migrating to CreateStyles (20140510203447)
  [1m[36m (191.4ms)[0m  [1mCREATE TABLE `styles` (`id` int(11) DEFAULT NULL auto_increment PRIMARY KEY, `name` varchar(255) NOT NULL, `photo_path` varchar(255) NOT NULL, `description` varchar(255) NOT NULL, `type_id` int(11)) ENGINE=InnoDB[0m
  [1m[35m (629.6ms)[0m  CREATE INDEX `index_styles_on_name` ON `styles` (`name`) 
  [1m[36m (165.3ms)[0m  [1mBEGIN[0m
  [1m[35mSQL (129.5ms)[0m  INSERT INTO `schema_migrations` (`version`) VALUES ('20140510203447')
  [1m[36m (134.8ms)[0m  [1mCOMMIT[0m
Migrating to CreateVehicles (20140510205812)
  [1m[35m (223.0ms)[0m  CREATE TABLE `vehicles` (`id` int(11) DEFAULT NULL auto_increment PRIMARY KEY, `model_id` int(11), `style_id` int(11)) ENGINE=InnoDB
  [1m[36m (130.2ms)[0m  [1mBEGIN[0m
  [1m[35mSQL (125.3ms)[0m  INSERT INTO `schema_migrations` (`version`) VALUES ('20140510205812')
  [1m[36m (134.1ms)[0m  [1mCOMMIT[0m
Migrating to CreateAds (20140510210345)
  [1m[35m (205.8ms)[0m  CREATE TABLE `ads` (`id` int(11) DEFAULT NULL auto_increment PRIMARY KEY, `price` int(11), `year` int(11), `visit_count` int(11), `gears` int(11), `engine_size` int(11), `cylinders` int(11), `strokes` tinyint(1), `paper_status` varchar(255), `color` varchar(255), `transmission_type` varchar(255), `description` varchar(255), `vehicle_id` int(11), `user_id` int(11), `created_at` datetime, `updated_at` datetime) ENGINE=InnoDB
  [1m[36m (277.8ms)[0m  [1mCREATE INDEX `index_ads_on_user_id` ON `ads` (`user_id`) [0m
  [1m[35m (317.7ms)[0m  CREATE INDEX `index_ads_on_vehicle_id` ON `ads` (`vehicle_id`) 
  [1m[36m (131.9ms)[0m  [1mBEGIN[0m
  [1m[35mSQL (126.3ms)[0m  INSERT INTO `schema_migrations` (`version`) VALUES ('20140510210345')
  [1m[36m (134.0ms)[0m  [1mCOMMIT[0m
Migrating to AddTitleToAds (20140510212142)
  [1m[35m (486.6ms)[0m  ALTER TABLE `ads` ADD `title` varchar(255)
  [1m[36m (128.6ms)[0m  [1mBEGIN[0m
  [1m[35mSQL (128.0ms)[0m  INSERT INTO `schema_migrations` (`version`) VALUES ('20140510212142')
  [1m[36m (143.5ms)[0m  [1mCOMMIT[0m
Migrating to ChangeTypeAds (20140510220508)
  [1m[35m (591.5ms)[0m  ALTER TABLE `ads` DROP `strokes`
  [1m[36m (685.5ms)[0m  [1mALTER TABLE `ads` ADD `strokes` int(11)[0m
  [1m[35m (128.1ms)[0m  BEGIN
  [1m[36mSQL (121.6ms)[0m  [1mINSERT INTO `schema_migrations` (`version`) VALUES ('20140510220508')[0m
  [1m[35m (161.7ms)[0m  COMMIT
Migrating to CreatePictures (20140514154023)
  [1m[36m (201.1ms)[0m  [1mCREATE TABLE `pictures` (`id` int(11) DEFAULT NULL auto_increment PRIMARY KEY, `path` varchar(255) NOT NULL, `descripcion` varchar(255), `ad_id` int(11) NOT NULL) ENGINE=InnoDB[0m
  [1m[35m (239.6ms)[0m  BEGIN
  [1m[36mSQL (123.1ms)[0m  [1mINSERT INTO `schema_migrations` (`version`) VALUES ('20140514154023')[0m
  [1m[35m (133.2ms)[0m  COMMIT
  [1m[36mActiveRecord::SchemaMigration Load (128.3ms)[0m  [1mSELECT `schema_migrations`.* FROM `schema_migrations`[0m


Started GET "/" for 127.0.0.1 at 2014-05-22 14:21:59 -0400
  [1m[36mActiveRecord::SchemaMigration Load (125.4ms)[0m  [1mSELECT `schema_migrations`.* FROM `schema_migrations`[0m
Processing by Rails::WelcomeController#index as HTML
  Rendered /Users/VincentGuerrero/.rvm/gems/ruby-2.1.1@global/gems/railties-4.0.4/lib/rails/templates/rails/welcome/index.html.erb (2.5ms)
Completed 200 OK in 29ms (Views: 14.3ms | ActiveRecord: 0.0ms)


Started GET "/new" for 127.0.0.1 at 2014-05-22 14:22:06 -0400

ActionController::RoutingError (No route matches [GET] "/new"):
  actionpack (4.0.4) lib/action_dispatch/middleware/debug_exceptions.rb:21:in `call'
  actionpack (4.0.4) lib/action_dispatch/middleware/show_exceptions.rb:30:in `call'
  railties (4.0.4) lib/rails/rack/logger.rb:38:in `call_app'
  railties (4.0.4) lib/rails/rack/logger.rb:20:in `block in call'
  activesupport (4.0.4) lib/active_support/tagged_logging.rb:68:in `block in tagged'
  activesupport (4.0.4) lib/active_support/tagged_logging.rb:26:in `tagged'
  activesupport (4.0.4) lib/active_support/tagged_logging.rb:68:in `tagged'
  railties (4.0.4) lib/rails/rack/logger.rb:20:in `call'
  actionpack (4.0.4) lib/action_dispatch/middleware/request_id.rb:21:in `call'
  rack (1.5.2) lib/rack/methodoverride.rb:21:in `call'
  rack (1.5.2) lib/rack/runtime.rb:17:in `call'
  activesupport (4.0.4) lib/active_support/cache/strategy/local_cache.rb:83:in `call'
  rack (1.5.2) lib/rack/lock.rb:17:in `call'
  actionpack (4.0.4) lib/action_dispatch/middleware/static.rb:64:in `call'
  rack (1.5.2) lib/rack/sendfile.rb:112:in `call'
  railties (4.0.4) lib/rails/engine.rb:511:in `call'
  railties (4.0.4) lib/rails/application.rb:97:in `call'
  rack (1.5.2) lib/rack/lock.rb:17:in `call'
  rack (1.5.2) lib/rack/content_length.rb:14:in `call'
  rack (1.5.2) lib/rack/handler/webrick.rb:60:in `service'
  /Users/VincentGuerrero/.rvm/rubies/ruby-2.1.1/lib/ruby/2.1.0/webrick/httpserver.rb:138:in `service'
  /Users/VincentGuerrero/.rvm/rubies/ruby-2.1.1/lib/ruby/2.1.0/webrick/httpserver.rb:94:in `run'
  /Users/VincentGuerrero/.rvm/rubies/ruby-2.1.1/lib/ruby/2.1.0/webrick/server.rb:295:in `block in start_thread'


  Rendered /Users/VincentGuerrero/.rvm/gems/ruby-2.1.1@global/gems/actionpack-4.0.4/lib/action_dispatch/middleware/templates/rescues/_trace.erb (7.6ms)
  Rendered /Users/VincentGuerrero/.rvm/gems/ruby-2.1.1@global/gems/actionpack-4.0.4/lib/action_dispatch/middleware/templates/routes/_table.html.erb (7.4ms)
  Rendered /Users/VincentGuerrero/.rvm/gems/ruby-2.1.1@global/gems/actionpack-4.0.4/lib/action_dispatch/middleware/templates/rescues/routing_error.erb within rescues/layout (35.4ms)


Started GET "/new" for 127.0.0.1 at 2014-05-22 14:22:51 -0400

SyntaxError (/Users/VincentGuerrero/Dropbox/codigos/carads/config/routes.rb:73: syntax error, unexpected end-of-input, expecting keyword_end):
  activesupport (4.0.4) lib/active_support/dependencies.rb:223:in `load'
  activesupport (4.0.4) lib/active_support/dependencies.rb:223:in `block in load'
  activesupport (4.0.4) lib/active_support/dependencies.rb:214:in `load_dependency'
  activesupport (4.0.4) lib/active_support/dependencies.rb:223:in `load'
  railties (4.0.4) lib/rails/application/routes_reloader.rb:40:in `block in load_paths'
  railties (4.0.4) lib/rails/application/routes_reloader.rb:40:in `each'
  railties (4.0.4) lib/rails/application/routes_reloader.rb:40:in `load_paths'
  railties (4.0.4) lib/rails/application/routes_reloader.rb:16:in `reload!'
  railties (4.0.4) lib/rails/application/routes_reloader.rb:26:in `block in updater'
  activesupport (4.0.4) lib/active_support/file_update_checker.rb:75:in `call'
  activesupport (4.0.4) lib/active_support/file_update_checker.rb:75:in `execute'
  railties (4.0.4) lib/rails/application/routes_reloader.rb:7:in `execute'
  railties (4.0.4) lib/rails/application/finisher.rb:81:in `block (2 levels) in <module:Finisher>'
  activesupport (4.0.4) lib/active_support/callbacks.rb:397:in `_run__3747652466318176619__prepare__callbacks'
  activesupport (4.0.4) lib/active_support/callbacks.rb:80:in `run_callbacks'
  actionpack (4.0.4) lib/action_dispatch/middleware/reloader.rb:74:in `prepare!'
  actionpack (4.0.4) lib/action_dispatch/middleware/reloader.rb:62:in `call'
  actionpack (4.0.4) lib/action_dispatch/middleware/remote_ip.rb:76:in `call'
  actionpack (4.0.4) lib/action_dispatch/middleware/debug_exceptions.rb:17:in `call'
  actionpack (4.0.4) lib/action_dispatch/middleware/show_exceptions.rb:30:in `call'
  railties (4.0.4) lib/rails/rack/logger.rb:38:in `call_app'
  railties (4.0.4) lib/rails/rack/logger.rb:20:in `block in call'
  activesupport (4.0.4) lib/active_support/tagged_logging.rb:68:in `block in tagged'
  activesupport (4.0.4) lib/active_support/tagged_logging.rb:26:in `tagged'
  activesupport (4.0.4) lib/active_support/tagged_logging.rb:68:in `tagged'
  railties (4.0.4) lib/rails/rack/logger.rb:20:in `call'
  actionpack (4.0.4) lib/action_dispatch/middleware/request_id.rb:21:in `call'
  rack (1.5.2) lib/rack/methodoverride.rb:21:in `call'
  rack (1.5.2) lib/rack/runtime.rb:17:in `call'
  activesupport (4.0.4) lib/active_support/cache/strategy/local_cache.rb:83:in `call'
  rack (1.5.2) lib/rack/lock.rb:17:in `call'
  actionpack (4.0.4) lib/action_dispatch/middleware/static.rb:64:in `call'
  rack (1.5.2) lib/rack/sendfile.rb:112:in `call'
  railties (4.0.4) lib/rails/engine.rb:511:in `call'
  railties (4.0.4) lib/rails/application.rb:97:in `call'
  rack (1.5.2) lib/rack/lock.rb:17:in `call'
  rack (1.5.2) lib/rack/content_length.rb:14:in `call'
  rack (1.5.2) lib/rack/handler/webrick.rb:60:in `service'
  /Users/VincentGuerrero/.rvm/rubies/ruby-2.1.1/lib/ruby/2.1.0/webrick/httpserver.rb:138:in `service'
  /Users/VincentGuerrero/.rvm/rubies/ruby-2.1.1/lib/ruby/2.1.0/webrick/httpserver.rb:94:in `run'
  /Users/VincentGuerrero/.rvm/rubies/ruby-2.1.1/lib/ruby/2.1.0/webrick/server.rb:295:in `block in start_thread'


  Rendered /Users/VincentGuerrero/.rvm/gems/ruby-2.1.1@global/gems/actionpack-4.0.4/lib/action_dispatch/middleware/templates/rescues/_source.erb (0.8ms)
  Rendered /Users/VincentGuerrero/.rvm/gems/ruby-2.1.1@global/gems/actionpack-4.0.4/lib/action_dispatch/middleware/templates/rescues/_trace.erb (1.9ms)
  Rendered /Users/VincentGuerrero/.rvm/gems/ruby-2.1.1@global/gems/actionpack-4.0.4/lib/action_dispatch/middleware/templates/rescues/_request_and_response.erb (1.8ms)
  Rendered /Users/VincentGuerrero/.rvm/gems/ruby-2.1.1@global/gems/actionpack-4.0.4/lib/action_dispatch/middleware/templates/rescues/diagnostics.erb within rescues/layout (33.4ms)


Started GET "/" for 127.0.0.1 at 2014-05-22 14:22:55 -0400

ActionController::RoutingError (No route matches [GET] "/"):
  actionpack (4.0.4) lib/action_dispatch/middleware/debug_exceptions.rb:21:in `call'
  actionpack (4.0.4) lib/action_dispatch/middleware/show_exceptions.rb:30:in `call'
  railties (4.0.4) lib/rails/rack/logger.rb:38:in `call_app'
  railties (4.0.4) lib/rails/rack/logger.rb:20:in `block in call'
  activesupport (4.0.4) lib/active_support/tagged_logging.rb:68:in `block in tagged'
  activesupport (4.0.4) lib/active_support/tagged_logging.rb:26:in `tagged'
  activesupport (4.0.4) lib/active_support/tagged_logging.rb:68:in `tagged'
  railties (4.0.4) lib/rails/rack/logger.rb:20:in `call'
  actionpack (4.0.4) lib/action_dispatch/middleware/request_id.rb:21:in `call'
  rack (1.5.2) lib/rack/methodoverride.rb:21:in `call'
  rack (1.5.2) lib/rack/runtime.rb:17:in `call'
  activesupport (4.0.4) lib/active_support/cache/strategy/local_cache.rb:83:in `call'
  rack (1.5.2) lib/rack/lock.rb:17:in `call'
  actionpack (4.0.4) lib/action_dispatch/middleware/static.rb:64:in `call'
  rack (1.5.2) lib/rack/sendfile.rb:112:in `call'
  railties (4.0.4) lib/rails/engine.rb:511:in `call'
  railties (4.0.4) lib/rails/application.rb:97:in `call'
  rack (1.5.2) lib/rack/lock.rb:17:in `call'
  rack (1.5.2) lib/rack/content_length.rb:14:in `call'
  rack (1.5.2) lib/rack/handler/webrick.rb:60:in `service'
  /Users/VincentGuerrero/.rvm/rubies/ruby-2.1.1/lib/ruby/2.1.0/webrick/httpserver.rb:138:in `service'
  /Users/VincentGuerrero/.rvm/rubies/ruby-2.1.1/lib/ruby/2.1.0/webrick/httpserver.rb:94:in `run'
  /Users/VincentGuerrero/.rvm/rubies/ruby-2.1.1/lib/ruby/2.1.0/webrick/server.rb:295:in `block in start_thread'


  Rendered /Users/VincentGuerrero/.rvm/gems/ruby-2.1.1@global/gems/actionpack-4.0.4/lib/action_dispatch/middleware/templates/rescues/_trace.erb (1.4ms)
  Rendered /Users/VincentGuerrero/.rvm/gems/ruby-2.1.1@global/gems/actionpack-4.0.4/lib/action_dispatch/middleware/templates/routes/_table.html.erb (1.2ms)
  Rendered /Users/VincentGuerrero/.rvm/gems/ruby-2.1.1@global/gems/actionpack-4.0.4/lib/action_dispatch/middleware/templates/rescues/routing_error.erb within rescues/layout (13.2ms)


Started GET "/" for 127.0.0.1 at 2014-05-22 14:23:41 -0400
  [1m[36mActiveRecord::SchemaMigration Load (120.1ms)[0m  [1mSELECT `schema_migrations`.* FROM `schema_migrations`[0m
Processing by UsersController#index as HTML
  Rendered users/index.html.erb within layouts/application (2.7ms)
Completed 200 OK in 1500ms (Views: 1483.4ms | ActiveRecord: 0.0ms)


Started GET "/assets/users.css?body=1" for 127.0.0.1 at 2014-05-22 14:23:45 -0400


Started GET "/assets/jquery.js?body=1" for 127.0.0.1 at 2014-05-22 14:23:45 -0400


Started GET "/assets/jquery_ujs.js?body=1" for 127.0.0.1 at 2014-05-22 14:23:45 -0400


Started GET "/assets/ads.css?body=1" for 127.0.0.1 at 2014-05-22 14:23:45 -0400


Started GET "/assets/application.css?body=1" for 127.0.0.1 at 2014-05-22 14:23:45 -0400


Started GET "/assets/bootstrap.min.css?body=1" for 127.0.0.1 at 2014-05-22 14:23:46 -0400


Started GET "/assets/turbolinks.js?body=1" for 127.0.0.1 at 2014-05-22 14:23:46 -0400


Started GET "/assets/ads.js?body=1" for 127.0.0.1 at 2014-05-22 14:23:46 -0400


Started GET "/assets/users.js?body=1" for 127.0.0.1 at 2014-05-22 14:23:46 -0400


Started GET "/assets/application.js?body=1" for 127.0.0.1 at 2014-05-22 14:23:46 -0400


Started GET "/users/login" for 127.0.0.1 at 2014-05-22 14:23:49 -0400
Processing by UsersController#login as HTML
  Rendered users/login.html.erb within layouts/application (25.6ms)
Completed 200 OK in 38ms (Views: 36.8ms | ActiveRecord: 0.0ms)


Started GET "/users/new" for 127.0.0.1 at 2014-05-22 14:23:52 -0400
Processing by UsersController#new as HTML
  [1m[35mCity Load (122.0ms)[0m  SELECT `cities`.* FROM `cities`
  Rendered users/new.html.erb within layouts/application (139.5ms)
Completed 200 OK in 154ms (Views: 26.5ms | ActiveRecord: 122.0ms)


Started POST "/users/create" for 127.0.0.1 at 2014-05-22 14:24:13 -0400
Processing by UsersController#create as HTML
  Parameters: {"utf8"=>"✓", "authenticity_token"=>"tr5P0XBruLyowCBu/4KOPNaekdN2AZIrp8V8WWuVyMA=", "user"=>{"name"=>"Vincent", "last_name"=>"Guerrero ", "cellphone"=>"8298898880", "phone"=>"8298898880", "address"=>"Cape", "email"=>"v.davidguerrero@gmail.com", "password"=>"[FILTERED]", "password_confirmation"=>"[FILTERED]"}, "commit"=>"Create Section"}
Completed 500 Internal Server Error in 12ms

LoadError (cannot load such file -- bcrypt):
  app/models/user.rb:5:in `<class:User>'
  app/models/user.rb:1:in `<top (required)>'
  app/controllers/users_controller.rb:15:in `create'


  Rendered /Users/VincentGuerrero/.rvm/gems/ruby-2.1.1@global/gems/actionpack-4.0.4/lib/action_dispatch/middleware/templates/rescues/_source.erb (2.1ms)
  Rendered /Users/VincentGuerrero/.rvm/gems/ruby-2.1.1@global/gems/actionpack-4.0.4/lib/action_dispatch/middleware/templates/rescues/_trace.erb (1.4ms)
  Rendered /Users/VincentGuerrero/.rvm/gems/ruby-2.1.1@global/gems/actionpack-4.0.4/lib/action_dispatch/middleware/templates/rescues/_request_and_response.erb (2.3ms)
  Rendered /Users/VincentGuerrero/.rvm/gems/ruby-2.1.1@global/gems/actionpack-4.0.4/lib/action_dispatch/middleware/templates/rescues/diagnostics.erb within rescues/layout (44.1ms)


Started POST "/users/create" for 127.0.0.1 at 2014-05-22 14:25:06 -0400
  [1m[36mActiveRecord::SchemaMigration Load (123.5ms)[0m  [1mSELECT `schema_migrations`.* FROM `schema_migrations`[0m
Processing by UsersController#create as HTML
  Parameters: {"utf8"=>"✓", "authenticity_token"=>"tr5P0XBruLyowCBu/4KOPNaekdN2AZIrp8V8WWuVyMA=", "user"=>{"name"=>"Vincent", "last_name"=>"Guerrero ", "cellphone"=>"8298898880", "phone"=>"8298898880", "address"=>"Cape", "email"=>"v.davidguerrero@gmail.com", "password"=>"[FILTERED]", "password_confirmation"=>"[FILTERED]"}, "commit"=>"Create Section"}
  [1m[35m (122.3ms)[0m  BEGIN
  [1m[36mUser Exists (144.8ms)[0m  [1mSELECT 1 AS one FROM `users` WHERE `users`.`email` = BINARY 'v.davidguerrero@gmail.com' LIMIT 1[0m
  [1m[35mUser Exists (122.7ms)[0m  SELECT 1 AS one FROM `users` WHERE `users`.`auth_token` = 'dfbb3a8811b4048e4caab2797f2a8f86' LIMIT 1
  [1m[36mSQL (122.2ms)[0m  [1mINSERT INTO `users` (`address`, `auth_token`, `cellphone`, `created_at`, `email`, `last_name`, `name`, `password_digest`, `phone`, `updated_at`) VALUES ('Cape', 'dfbb3a8811b4048e4caab2797f2a8f86', '8298898880', '2014-05-22 18:25:09', 'v.davidguerrero@gmail.com', 'Guerrero ', 'Vincent', '$2a$10$quO3ukUfW0VTNKFrKVX0X.J8Kdg8O1bK.2HzKocBlhpd.8zGkHQ3e', '8298898880', '2014-05-22 18:25:09')[0m
  [1m[35m (158.6ms)[0m  COMMIT
Redirected to http://127.0.0.1:3000/users/show
Completed 302 Found in 1337ms (ActiveRecord: 1140.8ms)


Started GET "/users/show" for 127.0.0.1 at 2014-05-22 14:25:09 -0400
Processing by UsersController#show as HTML
  [1m[36mUser Load (138.7ms)[0m  [1mSELECT `users`.* FROM `users` WHERE `users`.`id` = 1 LIMIT 1[0m
  Rendered users/show.html.erb within layouts/application (1.7ms)
Completed 200 OK in 207ms (Views: 66.7ms | ActiveRecord: 138.7ms)


Started GET "/assets/ads.css?body=1" for 127.0.0.1 at 2014-05-22 14:25:10 -0400


Started GET "/assets/bootstrap.min.css?body=1" for 127.0.0.1 at 2014-05-22 14:25:10 -0400


Started GET "/assets/jquery.js?body=1" for 127.0.0.1 at 2014-05-22 14:25:10 -0400


Started GET "/assets/users.css?body=1" for 127.0.0.1 at 2014-05-22 14:25:10 -0400


Started GET "/assets/jquery_ujs.js?body=1" for 127.0.0.1 at 2014-05-22 14:25:10 -0400


Started GET "/assets/application.css?body=1" for 127.0.0.1 at 2014-05-22 14:25:10 -0400


Started GET "/assets/turbolinks.js?body=1" for 127.0.0.1 at 2014-05-22 14:25:11 -0400


Started GET "/assets/ads.js?body=1" for 127.0.0.1 at 2014-05-22 14:25:11 -0400


Started GET "/assets/users.js?body=1" for 127.0.0.1 at 2014-05-22 14:25:11 -0400


Started GET "/assets/application.js?body=1" for 127.0.0.1 at 2014-05-22 14:25:11 -0400


Started GET "/users/show" for 127.0.0.1 at 2014-05-22 14:25:13 -0400
Processing by UsersController#show as HTML
  [1m[35mUser Load (123.0ms)[0m  SELECT `users`.* FROM `users` WHERE `users`.`id` = 1 LIMIT 1
  Rendered users/show.html.erb within layouts/application (0.5ms)
Completed 200 OK in 136ms (Views: 9.1ms | ActiveRecord: 123.0ms)


Started GET "/users/show" for 127.0.0.1 at 2014-05-22 14:25:14 -0400
Processing by UsersController#show as HTML
  [1m[36mUser Load (125.9ms)[0m  [1mSELECT `users`.* FROM `users` WHERE `users`.`id` = 1 LIMIT 1[0m
  Rendered users/show.html.erb within layouts/application (0.1ms)
Completed 200 OK in 134ms (Views: 6.5ms | ActiveRecord: 125.9ms)


Started GET "/users/edit" for 127.0.0.1 at 2014-05-22 14:25:15 -0400
Processing by UsersController#edit as HTML
  [1m[35mUser Load (130.4ms)[0m  SELECT `users`.* FROM `users` WHERE `users`.`id` = 1 LIMIT 1
  [1m[36mCity Load (121.8ms)[0m  [1mSELECT `cities`.* FROM `cities`[0m
  Rendered users/edit.html.erb within layouts/application (132.2ms)
Completed 200 OK in 277ms (Views: 20.8ms | ActiveRecord: 252.2ms)


Started GET "/ads/new" for 127.0.0.1 at 2014-05-22 14:25:19 -0400
Processing by AdsController#new as HTML
  [1m[35mModel Load (128.4ms)[0m  SELECT `models`.* FROM `models` WHERE `models`.`id` = 1 LIMIT 1
Completed 404 Not Found in 519ms

ActiveRecord::RecordNotFound (Couldn't find Model with id=1):
  app/controllers/ads_controller.rb:30:in `new'


  Rendered /Users/VincentGuerrero/.rvm/gems/ruby-2.1.1@global/gems/actionpack-4.0.4/lib/action_dispatch/middleware/templates/rescues/_source.erb (0.8ms)
  Rendered /Users/VincentGuerrero/.rvm/gems/ruby-2.1.1@global/gems/actionpack-4.0.4/lib/action_dispatch/middleware/templates/rescues/_trace.erb (1.4ms)
  Rendered /Users/VincentGuerrero/.rvm/gems/ruby-2.1.1@global/gems/actionpack-4.0.4/lib/action_dispatch/middleware/templates/rescues/_request_and_response.erb (1.5ms)
  Rendered /Users/VincentGuerrero/.rvm/gems/ruby-2.1.1@global/gems/actionpack-4.0.4/lib/action_dispatch/middleware/templates/rescues/diagnostics.erb within rescues/layout (23.6ms)


Started GET "/ads/new" for 127.0.0.1 at 2014-05-22 14:25:19 -0400
Processing by AdsController#new as HTML
  [1m[36mModel Load (129.0ms)[0m  [1mSELECT `models`.* FROM `models` WHERE `models`.`id` = 1 LIMIT 1[0m
Completed 404 Not Found in 131ms

ActiveRecord::RecordNotFound (Couldn't find Model with id=1):
  app/controllers/ads_controller.rb:30:in `new'


  Rendered /Users/VincentGuerrero/.rvm/gems/ruby-2.1.1@global/gems/actionpack-4.0.4/lib/action_dispatch/middleware/templates/rescues/_source.erb (0.9ms)
  Rendered /Users/VincentGuerrero/.rvm/gems/ruby-2.1.1@global/gems/actionpack-4.0.4/lib/action_dispatch/middleware/templates/rescues/_trace.erb (1.2ms)
  Rendered /Users/VincentGuerrero/.rvm/gems/ruby-2.1.1@global/gems/actionpack-4.0.4/lib/action_dispatch/middleware/templates/rescues/_request_and_response.erb (4.1ms)
  Rendered /Users/VincentGuerrero/.rvm/gems/ruby-2.1.1@global/gems/actionpack-4.0.4/lib/action_dispatch/middleware/templates/rescues/diagnostics.erb within rescues/layout (25.8ms)
  [1m[36mActiveRecord::SchemaMigration Load (124.7ms)[0m  [1mSELECT `schema_migrations`.* FROM `schema_migrations`[0m
  [1m[36mActiveRecord::SchemaMigration Load (126.1ms)[0m  [1mSELECT `schema_migrations`.* FROM `schema_migrations`[0m
  [1m[35m (117.5ms)[0m  BEGIN
  [1m[36mSQL (144.4ms)[0m  [1mINSERT INTO `cities` (`created_at`, `name`, `updated_at`) VALUES ('2014-05-22 18:26:24', 'Santo Domigno', '2014-05-22 18:26:24')[0m
  [1m[35m (140.9ms)[0m  COMMIT
  [1m[36m (125.9ms)[0m  [1mBEGIN[0m
  [1m[35mSQL (127.5ms)[0m  INSERT INTO `cities` (`created_at`, `name`, `updated_at`) VALUES ('2014-05-22 18:26:24', 'Azua', '2014-05-22 18:26:24')
  [1m[36m (132.6ms)[0m  [1mCOMMIT[0m
  [1m[35m (126.9ms)[0m  BEGIN
  [1m[36mSQL (130.1ms)[0m  [1mINSERT INTO `cities` (`created_at`, `name`, `updated_at`) VALUES ('2014-05-22 18:26:25', 'Santiago', '2014-05-22 18:26:25')[0m
  [1m[35m (137.0ms)[0m  COMMIT
  [1m[36m (120.1ms)[0m  [1mBEGIN[0m
  [1m[35mSQL (126.2ms)[0m  INSERT INTO `cities` (`created_at`, `name`, `updated_at`) VALUES ('2014-05-22 18:26:25', 'Pedernales', '2014-05-22 18:26:25')
  [1m[36m (139.9ms)[0m  [1mCOMMIT[0m
  [1m[35m (129.7ms)[0m  BEGIN
  [1m[36mSQL (130.9ms)[0m  [1mINSERT INTO `cities` (`created_at`, `name`, `updated_at`) VALUES ('2014-05-22 18:26:26', 'San Francisco', '2014-05-22 18:26:26')[0m
  [1m[35m (145.6ms)[0m  COMMIT
  [1m[36m (127.5ms)[0m  [1mBEGIN[0m
  [1m[35mSQL (129.2ms)[0m  INSERT INTO `cities` (`created_at`, `name`, `updated_at`) VALUES ('2014-05-22 18:26:26', 'San Juan', '2014-05-22 18:26:26')
  [1m[36m (142.6ms)[0m  [1mCOMMIT[0m
  [1m[35m (127.2ms)[0m  BEGIN
  [1m[36mSQL (124.8ms)[0m  [1mINSERT INTO `brands` (`name`) VALUES ('yamaha')[0m
  [1m[35m (132.4ms)[0m  COMMIT
  [1m[36m (124.8ms)[0m  [1mBEGIN[0m
  [1m[35mSQL (127.0ms)[0m  INSERT INTO `brands` (`name`) VALUES ('Honda')
  [1m[36m (134.1ms)[0m  [1mCOMMIT[0m
  [1m[35m (129.2ms)[0m  BEGIN
  [1m[36mSQL (125.7ms)[0m  [1mINSERT INTO `brands` (`name`) VALUES ('CanCan')[0m
  [1m[35m (136.7ms)[0m  COMMIT
  [1m[36m (124.8ms)[0m  [1mBEGIN[0m
  [1m[35mSQL (125.7ms)[0m  INSERT INTO `models` (`brand_id`, `name`) VALUES (1, 'R1')
  [1m[36m (151.2ms)[0m  [1mCOMMIT[0m
  [1m[35m (128.3ms)[0m  BEGIN
  [1m[36mSQL (125.6ms)[0m  [1mINSERT INTO `models` (`brand_id`, `name`) VALUES (1, 'R6')[0m
  [1m[35m (140.9ms)[0m  COMMIT
  [1m[36m (132.5ms)[0m  [1mBEGIN[0m
  [1m[35mSQL (129.9ms)[0m  INSERT INTO `models` (`brand_id`, `name`) VALUES (2, 'Shadow')
  [1m[36m (135.7ms)[0m  [1mCOMMIT[0m
  [1m[35m (128.1ms)[0m  BEGIN
  [1m[36mSQL (127.3ms)[0m  [1mINSERT INTO `types` (`name`) VALUES ('Motocicleta')[0m
  [1m[35m (133.0ms)[0m  COMMIT
  [1m[36m (120.2ms)[0m  [1mBEGIN[0m
  [1m[35mSQL (125.7ms)[0m  INSERT INTO `types` (`name`) VALUES ('ATV')
  [1m[36m (135.1ms)[0m  [1mCOMMIT[0m
  [1m[35m (123.8ms)[0m  BEGIN
  [1m[36mSQL (125.4ms)[0m  [1mINSERT INTO `types` (`name`) VALUES ('Acuativo')[0m
  [1m[35m (154.6ms)[0m  COMMIT
  [1m[36m (125.4ms)[0m  [1mBEGIN[0m
  [1m[35mSQL (119.9ms)[0m  INSERT INTO `styles` (`description`, `name`, `photo_path`, `type_id`) VALUES ('Motor1', 'Cruisier', '/', 1)
  [1m[36m (139.4ms)[0m  [1mCOMMIT[0m
  [1m[35m (125.6ms)[0m  BEGIN
  [1m[36mSQL (124.4ms)[0m  [1mINSERT INTO `styles` (`description`, `name`, `photo_path`, `type_id`) VALUES ('Motor1', 'SportBike', '/', 1)[0m
  [1m[35m (140.5ms)[0m  COMMIT
  [1m[36m (122.9ms)[0m  [1mBEGIN[0m
  [1m[35mSQL (126.0ms)[0m  INSERT INTO `vehicles` (`model_id`, `style_id`) VALUES (1, 1)
  [1m[36m (141.0ms)[0m  [1mCOMMIT[0m
  [1m[35m (204.7ms)[0m  BEGIN
  [1m[36mSQL (123.1ms)[0m  [1mINSERT INTO `vehicles` (`model_id`, `style_id`) VALUES (2, 1)[0m
  [1m[35m (139.6ms)[0m  COMMIT


Started GET "/" for 127.0.0.1 at 2014-05-22 14:27:22 -0400
  [1m[36mActiveRecord::SchemaMigration Load (127.6ms)[0m  [1mSELECT `schema_migrations`.* FROM `schema_migrations`[0m
Processing by UsersController#index as HTML
  Rendered users/index.html.erb within layouts/application (1.6ms)
Completed 200 OK in 79ms (Views: 66.0ms | ActiveRecord: 0.0ms)


Started GET "/assets/bootstrap.min.css?body=1" for 127.0.0.1 at 2014-05-22 14:27:24 -0400


Started GET "/assets/ads.css?body=1" for 127.0.0.1 at 2014-05-22 14:27:24 -0400


Started GET "/assets/jquery.js?body=1" for 127.0.0.1 at 2014-05-22 14:27:24 -0400


Started GET "/assets/users.css?body=1" for 127.0.0.1 at 2014-05-22 14:27:24 -0400


Started GET "/assets/jquery_ujs.js?body=1" for 127.0.0.1 at 2014-05-22 14:27:24 -0400


Started GET "/assets/application.css?body=1" for 127.0.0.1 at 2014-05-22 14:27:24 -0400


Started GET "/assets/turbolinks.js?body=1" for 127.0.0.1 at 2014-05-22 14:27:24 -0400


Started GET "/assets/ads.js?body=1" for 127.0.0.1 at 2014-05-22 14:27:25 -0400


Started GET "/assets/users.js?body=1" for 127.0.0.1 at 2014-05-22 14:27:25 -0400


Started GET "/assets/application.js?body=1" for 127.0.0.1 at 2014-05-22 14:27:25 -0400


Started GET "/ads/new" for 127.0.0.1 at 2014-05-22 14:27:29 -0400
Processing by AdsController#new as HTML
  [1m[35mModel Load (126.2ms)[0m  SELECT `models`.* FROM `models` WHERE `models`.`id` = 1 LIMIT 1
  [1m[36mVehicle Load (121.1ms)[0m  [1mSELECT `vehicles`.* FROM `vehicles` WHERE `vehicles`.`model_id` = 1 LIMIT 1[0m
  [1m[35mVehicle Load (119.1ms)[0m  SELECT `vehicles`.* FROM `vehicles`
  [1m[36mModel Load (121.5ms)[0m  [1mSELECT `models`.* FROM `models` WHERE `models`.`id` = 1 LIMIT 1[0m
  [1m[35mBrand Load (127.5ms)[0m  SELECT `brands`.* FROM `brands` WHERE `brands`.`id` = 1 LIMIT 1
  [1m[36mModel Load (125.5ms)[0m  [1mSELECT `models`.* FROM `models` WHERE `models`.`id` = 2 LIMIT 1[0m
  [1m[35mCACHE (0.0ms)[0m  SELECT `brands`.* FROM `brands` WHERE `brands`.`id` = 1 LIMIT 1  [["id", 1]]
  Rendered ads/new.html.erb within layouts/application (927.5ms)
Completed 200 OK in 2102ms (Views: 78.9ms | ActiveRecord: 1992.8ms)


Started GET "/users/show" for 127.0.0.1 at 2014-05-22 14:27:50 -0400
Processing by UsersController#show as HTML
  [1m[36mUser Load (134.9ms)[0m  [1mSELECT `users`.* FROM `users` WHERE `users`.`id` = 1 LIMIT 1[0m
  Rendered users/show.html.erb within layouts/application (1.0ms)
Completed 200 OK in 551ms (Views: 16.5ms | ActiveRecord: 508.5ms)


Started GET "/ads/showAds" for 127.0.0.1 at 2014-05-22 14:27:52 -0400
Processing by AdsController#showAds as HTML
  [1m[35mUser Load (124.0ms)[0m  SELECT `users`.* FROM `users` WHERE `users`.`id` = 1 LIMIT 1
  [1m[36mAd Load (122.2ms)[0m  [1mSELECT `ads`.* FROM `ads` WHERE `ads`.`user_id` = 1[0m
  Rendered ads/showAds.html.erb within layouts/application (123.6ms)
Completed 200 OK in 412ms (Views: 16.8ms | ActiveRecord: 371.6ms)


Started GET "/ads/new" for 127.0.0.1 at 2014-05-22 14:27:54 -0400
Processing by AdsController#new as HTML
  [1m[35mModel Load (122.5ms)[0m  SELECT `models`.* FROM `models` WHERE `models`.`id` = 1 LIMIT 1
  [1m[36mVehicle Load (126.9ms)[0m  [1mSELECT `vehicles`.* FROM `vehicles` WHERE `vehicles`.`model_id` = 1 LIMIT 1[0m
  [1m[35mVehicle Load (125.9ms)[0m  SELECT `vehicles`.* FROM `vehicles`
  [1m[36mModel Load (124.7ms)[0m  [1mSELECT `models`.* FROM `models` WHERE `models`.`id` = 1 LIMIT 1[0m
  [1m[35mBrand Load (127.8ms)[0m  SELECT `brands`.* FROM `brands` WHERE `brands`.`id` = 1 LIMIT 1
  [1m[36mModel Load (125.9ms)[0m  [1mSELECT `models`.* FROM `models` WHERE `models`.`id` = 2 LIMIT 1[0m
  [1m[35mCACHE (0.0ms)[0m  SELECT `brands`.* FROM `brands` WHERE `brands`.`id` = 1 LIMIT 1  [["id", 1]]
  Rendered ads/new.html.erb within layouts/application (515.1ms)
Completed 200 OK in 777ms (Views: 19.6ms | ActiveRecord: 753.8ms)


Started GET "/api/v1/people" for 127.0.0.1 at 2014-05-22 14:28:49 -0400

ActionController::RoutingError (No route matches [GET] "/api/v1/people"):
  actionpack (4.0.4) lib/action_dispatch/middleware/debug_exceptions.rb:21:in `call'
  actionpack (4.0.4) lib/action_dispatch/middleware/show_exceptions.rb:30:in `call'
  railties (4.0.4) lib/rails/rack/logger.rb:38:in `call_app'
  railties (4.0.4) lib/rails/rack/logger.rb:20:in `block in call'
  activesupport (4.0.4) lib/active_support/tagged_logging.rb:68:in `block in tagged'
  activesupport (4.0.4) lib/active_support/tagged_logging.rb:26:in `tagged'
  activesupport (4.0.4) lib/active_support/tagged_logging.rb:68:in `tagged'
  railties (4.0.4) lib/rails/rack/logger.rb:20:in `call'
  actionpack (4.0.4) lib/action_dispatch/middleware/request_id.rb:21:in `call'
  rack (1.5.2) lib/rack/methodoverride.rb:21:in `call'
  rack (1.5.2) lib/rack/runtime.rb:17:in `call'
  activesupport (4.0.4) lib/active_support/cache/strategy/local_cache.rb:83:in `call'
  rack (1.5.2) lib/rack/lock.rb:17:in `call'
  actionpack (4.0.4) lib/action_dispatch/middleware/static.rb:64:in `call'
  rack (1.5.2) lib/rack/sendfile.rb:112:in `call'
  railties (4.0.4) lib/rails/engine.rb:511:in `call'
  railties (4.0.4) lib/rails/application.rb:97:in `call'
  rack (1.5.2) lib/rack/lock.rb:17:in `call'
  rack (1.5.2) lib/rack/content_length.rb:14:in `call'
  rack (1.5.2) lib/rack/handler/webrick.rb:60:in `service'
  /Users/VincentGuerrero/.rvm/rubies/ruby-2.1.1/lib/ruby/2.1.0/webrick/httpserver.rb:138:in `service'
  /Users/VincentGuerrero/.rvm/rubies/ruby-2.1.1/lib/ruby/2.1.0/webrick/httpserver.rb:94:in `run'
  /Users/VincentGuerrero/.rvm/rubies/ruby-2.1.1/lib/ruby/2.1.0/webrick/server.rb:295:in `block in start_thread'


  Rendered /Users/VincentGuerrero/.rvm/gems/ruby-2.1.1@global/gems/actionpack-4.0.4/lib/action_dispatch/middleware/templates/rescues/_trace.erb (1.9ms)
  Rendered /Users/VincentGuerrero/.rvm/gems/ruby-2.1.1@global/gems/actionpack-4.0.4/lib/action_dispatch/middleware/templates/routes/_route.html.erb (3.4ms)
  Rendered /Users/VincentGuerrero/.rvm/gems/ruby-2.1.1@global/gems/actionpack-4.0.4/lib/action_dispatch/middleware/templates/routes/_table.html.erb (4.5ms)
  Rendered /Users/VincentGuerrero/.rvm/gems/ruby-2.1.1@global/gems/actionpack-4.0.4/lib/action_dispatch/middleware/templates/rescues/routing_error.erb within rescues/layout (49.5ms)


Started GET "/api/v1/cities" for 127.0.0.1 at 2014-05-22 14:28:52 -0400

ActionController::RoutingError (No route matches [GET] "/api/v1/cities"):
  actionpack (4.0.4) lib/action_dispatch/middleware/debug_exceptions.rb:21:in `call'
  actionpack (4.0.4) lib/action_dispatch/middleware/show_exceptions.rb:30:in `call'
  railties (4.0.4) lib/rails/rack/logger.rb:38:in `call_app'
  railties (4.0.4) lib/rails/rack/logger.rb:20:in `block in call'
  activesupport (4.0.4) lib/active_support/tagged_logging.rb:68:in `block in tagged'
  activesupport (4.0.4) lib/active_support/tagged_logging.rb:26:in `tagged'
  activesupport (4.0.4) lib/active_support/tagged_logging.rb:68:in `tagged'
  railties (4.0.4) lib/rails/rack/logger.rb:20:in `call'
  actionpack (4.0.4) lib/action_dispatch/middleware/request_id.rb:21:in `call'
  rack (1.5.2) lib/rack/methodoverride.rb:21:in `call'
  rack (1.5.2) lib/rack/runtime.rb:17:in `call'
  activesupport (4.0.4) lib/active_support/cache/strategy/local_cache.rb:83:in `call'
  rack (1.5.2) lib/rack/lock.rb:17:in `call'
  actionpack (4.0.4) lib/action_dispatch/middleware/static.rb:64:in `call'
  rack (1.5.2) lib/rack/sendfile.rb:112:in `call'
  railties (4.0.4) lib/rails/engine.rb:511:in `call'
  railties (4.0.4) lib/rails/application.rb:97:in `call'
  rack (1.5.2) lib/rack/lock.rb:17:in `call'
  rack (1.5.2) lib/rack/content_length.rb:14:in `call'
  rack (1.5.2) lib/rack/handler/webrick.rb:60:in `service'
  /Users/VincentGuerrero/.rvm/rubies/ruby-2.1.1/lib/ruby/2.1.0/webrick/httpserver.rb:138:in `service'
  /Users/VincentGuerrero/.rvm/rubies/ruby-2.1.1/lib/ruby/2.1.0/webrick/httpserver.rb:94:in `run'
  /Users/VincentGuerrero/.rvm/rubies/ruby-2.1.1/lib/ruby/2.1.0/webrick/server.rb:295:in `block in start_thread'


  Rendered /Users/VincentGuerrero/.rvm/gems/ruby-2.1.1@global/gems/actionpack-4.0.4/lib/action_dispatch/middleware/templates/rescues/_trace.erb (1.1ms)
  Rendered /Users/VincentGuerrero/.rvm/gems/ruby-2.1.1@global/gems/actionpack-4.0.4/lib/action_dispatch/middleware/templates/routes/_route.html.erb (3.9ms)
  Rendered /Users/VincentGuerrero/.rvm/gems/ruby-2.1.1@global/gems/actionpack-4.0.4/lib/action_dispatch/middleware/templates/routes/_table.html.erb (2.2ms)
  Rendered /Users/VincentGuerrero/.rvm/gems/ruby-2.1.1@global/gems/actionpack-4.0.4/lib/action_dispatch/middleware/templates/rescues/routing_error.erb within rescues/layout (33.9ms)


Started GET "/api/v1/users/" for 127.0.0.1 at 2014-05-22 14:28:56 -0400

LoadError (Unable to autoload constant Api::V1::UsersController, expected /Users/VincentGuerrero/Dropbox/codigos/carads/app/controllers/api/v1/users_controller.rb to define it):
  activesupport (4.0.4) lib/active_support/dependencies.rb:464:in `load_missing_constant'
  activesupport (4.0.4) lib/active_support/dependencies.rb:184:in `const_missing'
  activesupport (4.0.4) lib/active_support/inflector/methods.rb:241:in `const_get'
  activesupport (4.0.4) lib/active_support/inflector/methods.rb:241:in `block in constantize'
  activesupport (4.0.4) lib/active_support/inflector/methods.rb:224:in `each'
  activesupport (4.0.4) lib/active_support/inflector/methods.rb:224:in `inject'
  activesupport (4.0.4) lib/active_support/inflector/methods.rb:224:in `constantize'
  activesupport (4.0.4) lib/active_support/dependencies.rb:535:in `get'
  activesupport (4.0.4) lib/active_support/dependencies.rb:566:in `constantize'
  actionpack (4.0.4) lib/action_dispatch/routing/route_set.rb:76:in `controller_reference'
  actionpack (4.0.4) lib/action_dispatch/routing/route_set.rb:66:in `controller'
  actionpack (4.0.4) lib/action_dispatch/routing/route_set.rb:44:in `call'
  actionpack (4.0.4) lib/action_dispatch/journey/router.rb:71:in `block in call'
  actionpack (4.0.4) lib/action_dispatch/journey/router.rb:59:in `each'
  actionpack (4.0.4) lib/action_dispatch/journey/router.rb:59:in `call'
  actionpack (4.0.4) lib/action_dispatch/routing/route_set.rb:674:in `call'
  rack (1.5.2) lib/rack/etag.rb:23:in `call'
  rack (1.5.2) lib/rack/conditionalget.rb:25:in `call'
  rack (1.5.2) lib/rack/head.rb:11:in `call'
  actionpack (4.0.4) lib/action_dispatch/middleware/params_parser.rb:27:in `call'
  actionpack (4.0.4) lib/action_dispatch/middleware/flash.rb:241:in `call'
  rack (1.5.2) lib/rack/session/abstract/id.rb:225:in `context'
  rack (1.5.2) lib/rack/session/abstract/id.rb:220:in `call'
  actionpack (4.0.4) lib/action_dispatch/middleware/cookies.rb:486:in `call'
  activerecord (4.0.4) lib/active_record/query_cache.rb:36:in `call'
  activerecord (4.0.4) lib/active_record/connection_adapters/abstract/connection_pool.rb:626:in `call'
  activerecord (4.0.4) lib/active_record/migration.rb:373:in `call'
  actionpack (4.0.4) lib/action_dispatch/middleware/callbacks.rb:29:in `block in call'
  activesupport (4.0.4) lib/active_support/callbacks.rb:373:in `_run__2830379255829105942__call__callbacks'
  activesupport (4.0.4) lib/active_support/callbacks.rb:80:in `run_callbacks'
  actionpack (4.0.4) lib/action_dispatch/middleware/callbacks.rb:27:in `call'
  actionpack (4.0.4) lib/action_dispatch/middleware/reloader.rb:64:in `call'
  actionpack (4.0.4) lib/action_dispatch/middleware/remote_ip.rb:76:in `call'
  actionpack (4.0.4) lib/action_dispatch/middleware/debug_exceptions.rb:17:in `call'
  actionpack (4.0.4) lib/action_dispatch/middleware/show_exceptions.rb:30:in `call'
  railties (4.0.4) lib/rails/rack/logger.rb:38:in `call_app'
  railties (4.0.4) lib/rails/rack/logger.rb:20:in `block in call'
  activesupport (4.0.4) lib/active_support/tagged_logging.rb:68:in `block in tagged'
  activesupport (4.0.4) lib/active_support/tagged_logging.rb:26:in `tagged'
  activesupport (4.0.4) lib/active_support/tagged_logging.rb:68:in `tagged'
  railties (4.0.4) lib/rails/rack/logger.rb:20:in `call'
  actionpack (4.0.4) lib/action_dispatch/middleware/request_id.rb:21:in `call'
  rack (1.5.2) lib/rack/methodoverride.rb:21:in `call'
  rack (1.5.2) lib/rack/runtime.rb:17:in `call'
  activesupport (4.0.4) lib/active_support/cache/strategy/local_cache.rb:83:in `call'
  rack (1.5.2) lib/rack/lock.rb:17:in `call'
  actionpack (4.0.4) lib/action_dispatch/middleware/static.rb:64:in `call'
  rack (1.5.2) lib/rack/sendfile.rb:112:in `call'
  railties (4.0.4) lib/rails/engine.rb:511:in `call'
  railties (4.0.4) lib/rails/application.rb:97:in `call'
  rack (1.5.2) lib/rack/lock.rb:17:in `call'
  rack (1.5.2) lib/rack/content_length.rb:14:in `call'
  rack (1.5.2) lib/rack/handler/webrick.rb:60:in `service'
  /Users/VincentGuerrero/.rvm/rubies/ruby-2.1.1/lib/ruby/2.1.0/webrick/httpserver.rb:138:in `service'
  /Users/VincentGuerrero/.rvm/rubies/ruby-2.1.1/lib/ruby/2.1.0/webrick/httpserver.rb:94:in `run'
  /Users/VincentGuerrero/.rvm/rubies/ruby-2.1.1/lib/ruby/2.1.0/webrick/server.rb:295:in `block in start_thread'


  Rendered /Users/VincentGuerrero/.rvm/gems/ruby-2.1.1@global/gems/actionpack-4.0.4/lib/action_dispatch/middleware/templates/rescues/_source.erb (1.5ms)
  Rendered /Users/VincentGuerrero/.rvm/gems/ruby-2.1.1@global/gems/actionpack-4.0.4/lib/action_dispatch/middleware/templates/rescues/_trace.erb (1.3ms)
  Rendered /Users/VincentGuerrero/.rvm/gems/ruby-2.1.1@global/gems/actionpack-4.0.4/lib/action_dispatch/middleware/templates/rescues/_request_and_response.erb (2.3ms)
  Rendered /Users/VincentGuerrero/.rvm/gems/ruby-2.1.1@global/gems/actionpack-4.0.4/lib/action_dispatch/middleware/templates/rescues/diagnostics.erb within rescues/layout (33.6ms)


Started GET "/api/v1/users/cities" for 127.0.0.1 at 2014-05-22 14:28:59 -0400

RuntimeError (Circular dependency detected while autoloading constant Api::V1::UsersController):
  activesupport (4.0.4) lib/active_support/dependencies.rb:461:in `load_missing_constant'
  activesupport (4.0.4) lib/active_support/dependencies.rb:184:in `const_missing'
  activesupport (4.0.4) lib/active_support/inflector/methods.rb:241:in `const_get'
  activesupport (4.0.4) lib/active_support/inflector/methods.rb:241:in `block in constantize'
  activesupport (4.0.4) lib/active_support/inflector/methods.rb:224:in `each'
  activesupport (4.0.4) lib/active_support/inflector/methods.rb:224:in `inject'
  activesupport (4.0.4) lib/active_support/inflector/methods.rb:224:in `constantize'
  activesupport (4.0.4) lib/active_support/dependencies.rb:535:in `get'
  activesupport (4.0.4) lib/active_support/dependencies.rb:566:in `constantize'
  actionpack (4.0.4) lib/action_dispatch/routing/route_set.rb:76:in `controller_reference'
  actionpack (4.0.4) lib/action_dispatch/routing/route_set.rb:66:in `controller'
  actionpack (4.0.4) lib/action_dispatch/routing/route_set.rb:44:in `call'
  actionpack (4.0.4) lib/action_dispatch/journey/router.rb:71:in `block in call'
  actionpack (4.0.4) lib/action_dispatch/journey/router.rb:59:in `each'
  actionpack (4.0.4) lib/action_dispatch/journey/router.rb:59:in `call'
  actionpack (4.0.4) lib/action_dispatch/routing/route_set.rb:674:in `call'
  rack (1.5.2) lib/rack/etag.rb:23:in `call'
  rack (1.5.2) lib/rack/conditionalget.rb:25:in `call'
  rack (1.5.2) lib/rack/head.rb:11:in `call'
  actionpack (4.0.4) lib/action_dispatch/middleware/params_parser.rb:27:in `call'
  actionpack (4.0.4) lib/action_dispatch/middleware/flash.rb:241:in `call'
  rack (1.5.2) lib/rack/session/abstract/id.rb:225:in `context'
  rack (1.5.2) lib/rack/session/abstract/id.rb:220:in `call'
  actionpack (4.0.4) lib/action_dispatch/middleware/cookies.rb:486:in `call'
  activerecord (4.0.4) lib/active_record/query_cache.rb:36:in `call'
  activerecord (4.0.4) lib/active_record/connection_adapters/abstract/connection_pool.rb:626:in `call'
  activerecord (4.0.4) lib/active_record/migration.rb:373:in `call'
  actionpack (4.0.4) lib/action_dispatch/middleware/callbacks.rb:29:in `block in call'
  activesupport (4.0.4) lib/active_support/callbacks.rb:373:in `_run__2830379255829105942__call__callbacks'
  activesupport (4.0.4) lib/active_support/callbacks.rb:80:in `run_callbacks'
  actionpack (4.0.4) lib/action_dispatch/middleware/callbacks.rb:27:in `call'
  actionpack (4.0.4) lib/action_dispatch/middleware/reloader.rb:64:in `call'
  actionpack (4.0.4) lib/action_dispatch/middleware/remote_ip.rb:76:in `call'
  actionpack (4.0.4) lib/action_dispatch/middleware/debug_exceptions.rb:17:in `call'
  actionpack (4.0.4) lib/action_dispatch/middleware/show_exceptions.rb:30:in `call'
  railties (4.0.4) lib/rails/rack/logger.rb:38:in `call_app'
  railties (4.0.4) lib/rails/rack/logger.rb:20:in `block in call'
  activesupport (4.0.4) lib/active_support/tagged_logging.rb:68:in `block in tagged'
  activesupport (4.0.4) lib/active_support/tagged_logging.rb:26:in `tagged'
  activesupport (4.0.4) lib/active_support/tagged_logging.rb:68:in `tagged'
  railties (4.0.4) lib/rails/rack/logger.rb:20:in `call'
  actionpack (4.0.4) lib/action_dispatch/middleware/request_id.rb:21:in `call'
  rack (1.5.2) lib/rack/methodoverride.rb:21:in `call'
  rack (1.5.2) lib/rack/runtime.rb:17:in `call'
  activesupport (4.0.4) lib/active_support/cache/strategy/local_cache.rb:83:in `call'
  rack (1.5.2) lib/rack/lock.rb:17:in `call'
  actionpack (4.0.4) lib/action_dispatch/middleware/static.rb:64:in `call'
  rack (1.5.2) lib/rack/sendfile.rb:112:in `call'
  railties (4.0.4) lib/rails/engine.rb:511:in `call'
  railties (4.0.4) lib/rails/application.rb:97:in `call'
  rack (1.5.2) lib/rack/lock.rb:17:in `call'
  rack (1.5.2) lib/rack/content_length.rb:14:in `call'
  rack (1.5.2) lib/rack/handler/webrick.rb:60:in `service'
  /Users/VincentGuerrero/.rvm/rubies/ruby-2.1.1/lib/ruby/2.1.0/webrick/httpserver.rb:138:in `service'
  /Users/VincentGuerrero/.rvm/rubies/ruby-2.1.1/lib/ruby/2.1.0/webrick/httpserver.rb:94:in `run'
  /Users/VincentGuerrero/.rvm/rubies/ruby-2.1.1/lib/ruby/2.1.0/webrick/server.rb:295:in `block in start_thread'


  Rendered /Users/VincentGuerrero/.rvm/gems/ruby-2.1.1@global/gems/actionpack-4.0.4/lib/action_dispatch/middleware/templates/rescues/_source.erb (0.9ms)
  Rendered /Users/VincentGuerrero/.rvm/gems/ruby-2.1.1@global/gems/actionpack-4.0.4/lib/action_dispatch/middleware/templates/rescues/_trace.erb (2.0ms)
  Rendered /Users/VincentGuerrero/.rvm/gems/ruby-2.1.1@global/gems/actionpack-4.0.4/lib/action_dispatch/middleware/templates/rescues/_request_and_response.erb (1.5ms)
  Rendered /Users/VincentGuerrero/.rvm/gems/ruby-2.1.1@global/gems/actionpack-4.0.4/lib/action_dispatch/middleware/templates/rescues/diagnostics.erb within rescues/layout (22.5ms)


Started GET "/api/v1/users/city" for 127.0.0.1 at 2014-05-22 14:29:02 -0400

RuntimeError (Circular dependency detected while autoloading constant Api::V1::UsersController):
  activesupport (4.0.4) lib/active_support/dependencies.rb:461:in `load_missing_constant'
  activesupport (4.0.4) lib/active_support/dependencies.rb:184:in `const_missing'
  activesupport (4.0.4) lib/active_support/inflector/methods.rb:241:in `const_get'
  activesupport (4.0.4) lib/active_support/inflector/methods.rb:241:in `block in constantize'
  activesupport (4.0.4) lib/active_support/inflector/methods.rb:224:in `each'
  activesupport (4.0.4) lib/active_support/inflector/methods.rb:224:in `inject'
  activesupport (4.0.4) lib/active_support/inflector/methods.rb:224:in `constantize'
  activesupport (4.0.4) lib/active_support/dependencies.rb:535:in `get'
  activesupport (4.0.4) lib/active_support/dependencies.rb:566:in `constantize'
  actionpack (4.0.4) lib/action_dispatch/routing/route_set.rb:76:in `controller_reference'
  actionpack (4.0.4) lib/action_dispatch/routing/route_set.rb:66:in `controller'
  actionpack (4.0.4) lib/action_dispatch/routing/route_set.rb:44:in `call'
  actionpack (4.0.4) lib/action_dispatch/journey/router.rb:71:in `block in call'
  actionpack (4.0.4) lib/action_dispatch/journey/router.rb:59:in `each'
  actionpack (4.0.4) lib/action_dispatch/journey/router.rb:59:in `call'
  actionpack (4.0.4) lib/action_dispatch/routing/route_set.rb:674:in `call'
  rack (1.5.2) lib/rack/etag.rb:23:in `call'
  rack (1.5.2) lib/rack/conditionalget.rb:25:in `call'
  rack (1.5.2) lib/rack/head.rb:11:in `call'
  actionpack (4.0.4) lib/action_dispatch/middleware/params_parser.rb:27:in `call'
  actionpack (4.0.4) lib/action_dispatch/middleware/flash.rb:241:in `call'
  rack (1.5.2) lib/rack/session/abstract/id.rb:225:in `context'
  rack (1.5.2) lib/rack/session/abstract/id.rb:220:in `call'
  actionpack (4.0.4) lib/action_dispatch/middleware/cookies.rb:486:in `call'
  activerecord (4.0.4) lib/active_record/query_cache.rb:36:in `call'
  activerecord (4.0.4) lib/active_record/connection_adapters/abstract/connection_pool.rb:626:in `call'
  activerecord (4.0.4) lib/active_record/migration.rb:373:in `call'
  actionpack (4.0.4) lib/action_dispatch/middleware/callbacks.rb:29:in `block in call'
  activesupport (4.0.4) lib/active_support/callbacks.rb:373:in `_run__2830379255829105942__call__callbacks'
  activesupport (4.0.4) lib/active_support/callbacks.rb:80:in `run_callbacks'
  actionpack (4.0.4) lib/action_dispatch/middleware/callbacks.rb:27:in `call'
  actionpack (4.0.4) lib/action_dispatch/middleware/reloader.rb:64:in `call'
  actionpack (4.0.4) lib/action_dispatch/middleware/remote_ip.rb:76:in `call'
  actionpack (4.0.4) lib/action_dispatch/middleware/debug_exceptions.rb:17:in `call'
  actionpack (4.0.4) lib/action_dispatch/middleware/show_exceptions.rb:30:in `call'
  railties (4.0.4) lib/rails/rack/logger.rb:38:in `call_app'
  railties (4.0.4) lib/rails/rack/logger.rb:20:in `block in call'
  activesupport (4.0.4) lib/active_support/tagged_logging.rb:68:in `block in tagged'
  activesupport (4.0.4) lib/active_support/tagged_logging.rb:26:in `tagged'
  activesupport (4.0.4) lib/active_support/tagged_logging.rb:68:in `tagged'
  railties (4.0.4) lib/rails/rack/logger.rb:20:in `call'
  actionpack (4.0.4) lib/action_dispatch/middleware/request_id.rb:21:in `call'
  rack (1.5.2) lib/rack/methodoverride.rb:21:in `call'
  rack (1.5.2) lib/rack/runtime.rb:17:in `call'
  activesupport (4.0.4) lib/active_support/cache/strategy/local_cache.rb:83:in `call'
  rack (1.5.2) lib/rack/lock.rb:17:in `call'
  actionpack (4.0.4) lib/action_dispatch/middleware/static.rb:64:in `call'
  rack (1.5.2) lib/rack/sendfile.rb:112:in `call'
  railties (4.0.4) lib/rails/engine.rb:511:in `call'
  railties (4.0.4) lib/rails/application.rb:97:in `call'
  rack (1.5.2) lib/rack/lock.rb:17:in `call'
  rack (1.5.2) lib/rack/content_length.rb:14:in `call'
  rack (1.5.2) lib/rack/handler/webrick.rb:60:in `service'
  /Users/VincentGuerrero/.rvm/rubies/ruby-2.1.1/lib/ruby/2.1.0/webrick/httpserver.rb:138:in `service'
  /Users/VincentGuerrero/.rvm/rubies/ruby-2.1.1/lib/ruby/2.1.0/webrick/httpserver.rb:94:in `run'
  /Users/VincentGuerrero/.rvm/rubies/ruby-2.1.1/lib/ruby/2.1.0/webrick/server.rb:295:in `block in start_thread'


  Rendered /Users/VincentGuerrero/.rvm/gems/ruby-2.1.1@global/gems/actionpack-4.0.4/lib/action_dispatch/middleware/templates/rescues/_source.erb (0.7ms)
  Rendered /Users/VincentGuerrero/.rvm/gems/ruby-2.1.1@global/gems/actionpack-4.0.4/lib/action_dispatch/middleware/templates/rescues/_trace.erb (1.1ms)
  Rendered /Users/VincentGuerrero/.rvm/gems/ruby-2.1.1@global/gems/actionpack-4.0.4/lib/action_dispatch/middleware/templates/rescues/_request_and_response.erb (1.4ms)
  Rendered /Users/VincentGuerrero/.rvm/gems/ruby-2.1.1@global/gems/actionpack-4.0.4/lib/action_dispatch/middleware/templates/rescues/diagnostics.erb within rescues/layout (20.0ms)


Started GET "/api/v1/users/city.json" for 127.0.0.1 at 2014-05-22 14:29:08 -0400

RuntimeError (Circular dependency detected while autoloading constant Api::V1::UsersController):
  activesupport (4.0.4) lib/active_support/dependencies.rb:461:in `load_missing_constant'
  activesupport (4.0.4) lib/active_support/dependencies.rb:184:in `const_missing'
  activesupport (4.0.4) lib/active_support/inflector/methods.rb:241:in `const_get'
  activesupport (4.0.4) lib/active_support/inflector/methods.rb:241:in `block in constantize'
  activesupport (4.0.4) lib/active_support/inflector/methods.rb:224:in `each'
  activesupport (4.0.4) lib/active_support/inflector/methods.rb:224:in `inject'
  activesupport (4.0.4) lib/active_support/inflector/methods.rb:224:in `constantize'
  activesupport (4.0.4) lib/active_support/dependencies.rb:535:in `get'
  activesupport (4.0.4) lib/active_support/dependencies.rb:566:in `constantize'
  actionpack (4.0.4) lib/action_dispatch/routing/route_set.rb:76:in `controller_reference'
  actionpack (4.0.4) lib/action_dispatch/routing/route_set.rb:66:in `controller'
  actionpack (4.0.4) lib/action_dispatch/routing/route_set.rb:44:in `call'
  actionpack (4.0.4) lib/action_dispatch/journey/router.rb:71:in `block in call'
  actionpack (4.0.4) lib/action_dispatch/journey/router.rb:59:in `each'
  actionpack (4.0.4) lib/action_dispatch/journey/router.rb:59:in `call'
  actionpack (4.0.4) lib/action_dispatch/routing/route_set.rb:674:in `call'
  rack (1.5.2) lib/rack/etag.rb:23:in `call'
  rack (1.5.2) lib/rack/conditionalget.rb:25:in `call'
  rack (1.5.2) lib/rack/head.rb:11:in `call'
  actionpack (4.0.4) lib/action_dispatch/middleware/params_parser.rb:27:in `call'
  actionpack (4.0.4) lib/action_dispatch/middleware/flash.rb:241:in `call'
  rack (1.5.2) lib/rack/session/abstract/id.rb:225:in `context'
  rack (1.5.2) lib/rack/session/abstract/id.rb:220:in `call'
  actionpack (4.0.4) lib/action_dispatch/middleware/cookies.rb:486:in `call'
  activerecord (4.0.4) lib/active_record/query_cache.rb:36:in `call'
  activerecord (4.0.4) lib/active_record/connection_adapters/abstract/connection_pool.rb:626:in `call'
  activerecord (4.0.4) lib/active_record/migration.rb:373:in `call'
  actionpack (4.0.4) lib/action_dispatch/middleware/callbacks.rb:29:in `block in call'
  activesupport (4.0.4) lib/active_support/callbacks.rb:373:in `_run__2830379255829105942__call__callbacks'
  activesupport (4.0.4) lib/active_support/callbacks.rb:80:in `run_callbacks'
  actionpack (4.0.4) lib/action_dispatch/middleware/callbacks.rb:27:in `call'
  actionpack (4.0.4) lib/action_dispatch/middleware/reloader.rb:64:in `call'
  actionpack (4.0.4) lib/action_dispatch/middleware/remote_ip.rb:76:in `call'
  actionpack (4.0.4) lib/action_dispatch/middleware/debug_exceptions.rb:17:in `call'
  actionpack (4.0.4) lib/action_dispatch/middleware/show_exceptions.rb:30:in `call'
  railties (4.0.4) lib/rails/rack/logger.rb:38:in `call_app'
  railties (4.0.4) lib/rails/rack/logger.rb:20:in `block in call'
  activesupport (4.0.4) lib/active_support/tagged_logging.rb:68:in `block in tagged'
  activesupport (4.0.4) lib/active_support/tagged_logging.rb:26:in `tagged'
  activesupport (4.0.4) lib/active_support/tagged_logging.rb:68:in `tagged'
  railties (4.0.4) lib/rails/rack/logger.rb:20:in `call'
  actionpack (4.0.4) lib/action_dispatch/middleware/request_id.rb:21:in `call'
  rack (1.5.2) lib/rack/methodoverride.rb:21:in `call'
  rack (1.5.2) lib/rack/runtime.rb:17:in `call'
  activesupport (4.0.4) lib/active_support/cache/strategy/local_cache.rb:83:in `call'
  rack (1.5.2) lib/rack/lock.rb:17:in `call'
  actionpack (4.0.4) lib/action_dispatch/middleware/static.rb:64:in `call'
  rack (1.5.2) lib/rack/sendfile.rb:112:in `call'
  railties (4.0.4) lib/rails/engine.rb:511:in `call'
  railties (4.0.4) lib/rails/application.rb:97:in `call'
  rack (1.5.2) lib/rack/lock.rb:17:in `call'
  rack (1.5.2) lib/rack/content_length.rb:14:in `call'
  rack (1.5.2) lib/rack/handler/webrick.rb:60:in `service'
  /Users/VincentGuerrero/.rvm/rubies/ruby-2.1.1/lib/ruby/2.1.0/webrick/httpserver.rb:138:in `service'
  /Users/VincentGuerrero/.rvm/rubies/ruby-2.1.1/lib/ruby/2.1.0/webrick/httpserver.rb:94:in `run'
  /Users/VincentGuerrero/.rvm/rubies/ruby-2.1.1/lib/ruby/2.1.0/webrick/server.rb:295:in `block in start_thread'


  Rendered /Users/VincentGuerrero/.rvm/gems/ruby-2.1.1@global/gems/actionpack-4.0.4/lib/action_dispatch/middleware/templates/rescues/_source.erb (0.5ms)
  Rendered /Users/VincentGuerrero/.rvm/gems/ruby-2.1.1@global/gems/actionpack-4.0.4/lib/action_dispatch/middleware/templates/rescues/_trace.erb (1.2ms)
  Rendered /Users/VincentGuerrero/.rvm/gems/ruby-2.1.1@global/gems/actionpack-4.0.4/lib/action_dispatch/middleware/templates/rescues/_request_and_response.erb (2.0ms)
  Rendered /Users/VincentGuerrero/.rvm/gems/ruby-2.1.1@global/gems/actionpack-4.0.4/lib/action_dispatch/middleware/templates/rescues/diagnostics.erb within rescues/layout (19.8ms)


Started GET "/api/v1/users/cities" for 127.0.0.1 at 2014-05-22 14:29:38 -0400

RuntimeError (Circular dependency detected while autoloading constant Api::V1::UsersController):
  activesupport (4.0.4) lib/active_support/dependencies.rb:461:in `load_missing_constant'
  activesupport (4.0.4) lib/active_support/dependencies.rb:184:in `const_missing'
  activesupport (4.0.4) lib/active_support/inflector/methods.rb:241:in `const_get'
  activesupport (4.0.4) lib/active_support/inflector/methods.rb:241:in `block in constantize'
  activesupport (4.0.4) lib/active_support/inflector/methods.rb:224:in `each'
  activesupport (4.0.4) lib/active_support/inflector/methods.rb:224:in `inject'
  activesupport (4.0.4) lib/active_support/inflector/methods.rb:224:in `constantize'
  activesupport (4.0.4) lib/active_support/dependencies.rb:535:in `get'
  activesupport (4.0.4) lib/active_support/dependencies.rb:566:in `constantize'
  actionpack (4.0.4) lib/action_dispatch/routing/route_set.rb:76:in `controller_reference'
  actionpack (4.0.4) lib/action_dispatch/routing/route_set.rb:66:in `controller'
  actionpack (4.0.4) lib/action_dispatch/routing/route_set.rb:44:in `call'
  actionpack (4.0.4) lib/action_dispatch/journey/router.rb:71:in `block in call'
  actionpack (4.0.4) lib/action_dispatch/journey/router.rb:59:in `each'
  actionpack (4.0.4) lib/action_dispatch/journey/router.rb:59:in `call'
  actionpack (4.0.4) lib/action_dispatch/routing/route_set.rb:674:in `call'
  rack (1.5.2) lib/rack/etag.rb:23:in `call'
  rack (1.5.2) lib/rack/conditionalget.rb:25:in `call'
  rack (1.5.2) lib/rack/head.rb:11:in `call'
  actionpack (4.0.4) lib/action_dispatch/middleware/params_parser.rb:27:in `call'
  actionpack (4.0.4) lib/action_dispatch/middleware/flash.rb:241:in `call'
  rack (1.5.2) lib/rack/session/abstract/id.rb:225:in `context'
  rack (1.5.2) lib/rack/session/abstract/id.rb:220:in `call'
  actionpack (4.0.4) lib/action_dispatch/middleware/cookies.rb:486:in `call'
  activerecord (4.0.4) lib/active_record/query_cache.rb:36:in `call'
  activerecord (4.0.4) lib/active_record/connection_adapters/abstract/connection_pool.rb:626:in `call'
  activerecord (4.0.4) lib/active_record/migration.rb:373:in `call'
  actionpack (4.0.4) lib/action_dispatch/middleware/callbacks.rb:29:in `block in call'
  activesupport (4.0.4) lib/active_support/callbacks.rb:373:in `_run__2830379255829105942__call__callbacks'
  activesupport (4.0.4) lib/active_support/callbacks.rb:80:in `run_callbacks'
  actionpack (4.0.4) lib/action_dispatch/middleware/callbacks.rb:27:in `call'
  actionpack (4.0.4) lib/action_dispatch/middleware/reloader.rb:64:in `call'
  actionpack (4.0.4) lib/action_dispatch/middleware/remote_ip.rb:76:in `call'
  actionpack (4.0.4) lib/action_dispatch/middleware/debug_exceptions.rb:17:in `call'
  actionpack (4.0.4) lib/action_dispatch/middleware/show_exceptions.rb:30:in `call'
  railties (4.0.4) lib/rails/rack/logger.rb:38:in `call_app'
  railties (4.0.4) lib/rails/rack/logger.rb:20:in `block in call'
  activesupport (4.0.4) lib/active_support/tagged_logging.rb:68:in `block in tagged'
  activesupport (4.0.4) lib/active_support/tagged_logging.rb:26:in `tagged'
  activesupport (4.0.4) lib/active_support/tagged_logging.rb:68:in `tagged'
  railties (4.0.4) lib/rails/rack/logger.rb:20:in `call'
  actionpack (4.0.4) lib/action_dispatch/middleware/request_id.rb:21:in `call'
  rack (1.5.2) lib/rack/methodoverride.rb:21:in `call'
  rack (1.5.2) lib/rack/runtime.rb:17:in `call'
  activesupport (4.0.4) lib/active_support/cache/strategy/local_cache.rb:83:in `call'
  rack (1.5.2) lib/rack/lock.rb:17:in `call'
  actionpack (4.0.4) lib/action_dispatch/middleware/static.rb:64:in `call'
  rack (1.5.2) lib/rack/sendfile.rb:112:in `call'
  railties (4.0.4) lib/rails/engine.rb:511:in `call'
  railties (4.0.4) lib/rails/application.rb:97:in `call'
  rack (1.5.2) lib/rack/lock.rb:17:in `call'
  rack (1.5.2) lib/rack/content_length.rb:14:in `call'
  rack (1.5.2) lib/rack/handler/webrick.rb:60:in `service'
  /Users/VincentGuerrero/.rvm/rubies/ruby-2.1.1/lib/ruby/2.1.0/webrick/httpserver.rb:138:in `service'
  /Users/VincentGuerrero/.rvm/rubies/ruby-2.1.1/lib/ruby/2.1.0/webrick/httpserver.rb:94:in `run'
  /Users/VincentGuerrero/.rvm/rubies/ruby-2.1.1/lib/ruby/2.1.0/webrick/server.rb:295:in `block in start_thread'


  Rendered /Users/VincentGuerrero/.rvm/gems/ruby-2.1.1@global/gems/actionpack-4.0.4/lib/action_dispatch/middleware/templates/rescues/_source.erb (1.0ms)
  Rendered /Users/VincentGuerrero/.rvm/gems/ruby-2.1.1@global/gems/actionpack-4.0.4/lib/action_dispatch/middleware/templates/rescues/_trace.erb (1.8ms)
  Rendered /Users/VincentGuerrero/.rvm/gems/ruby-2.1.1@global/gems/actionpack-4.0.4/lib/action_dispatch/middleware/templates/rescues/_request_and_response.erb (2.3ms)
  Rendered /Users/VincentGuerrero/.rvm/gems/ruby-2.1.1@global/gems/actionpack-4.0.4/lib/action_dispatch/middleware/templates/rescues/diagnostics.erb within rescues/layout (23.8ms)


Started GET "/api/v1/users/cities" for 127.0.0.1 at 2014-05-22 14:30:58 -0400

ActionController::RoutingError (undefined local variable or method `api' for main:Object):
  app/controllers/api/v1/users_controller.rb:1:in `<top (required)>'


  Rendered /Users/VincentGuerrero/.rvm/gems/ruby-2.1.1@global/gems/actionpack-4.0.4/lib/action_dispatch/middleware/templates/rescues/_trace.erb (1.8ms)
  Rendered /Users/VincentGuerrero/.rvm/gems/ruby-2.1.1@global/gems/actionpack-4.0.4/lib/action_dispatch/middleware/templates/routes/_route.html.erb (2.7ms)
  Rendered /Users/VincentGuerrero/.rvm/gems/ruby-2.1.1@global/gems/actionpack-4.0.4/lib/action_dispatch/middleware/templates/routes/_table.html.erb (1.2ms)
  Rendered /Users/VincentGuerrero/.rvm/gems/ruby-2.1.1@global/gems/actionpack-4.0.4/lib/action_dispatch/middleware/templates/rescues/routing_error.erb within rescues/layout (40.0ms)


Started GET "/api/v1/users/cities" for 127.0.0.1 at 2014-05-22 14:33:05 -0400

LoadError (Unable to autoload constant Api::V1::UsersController, expected /Users/VincentGuerrero/Dropbox/codigos/carads/app/controllers/api/v1/users_controller.rb to define it):
  activesupport (4.0.4) lib/active_support/dependencies.rb:464:in `load_missing_constant'
  activesupport (4.0.4) lib/active_support/dependencies.rb:184:in `const_missing'
  activesupport (4.0.4) lib/active_support/inflector/methods.rb:228:in `const_get'
  activesupport (4.0.4) lib/active_support/inflector/methods.rb:228:in `block in constantize'
  activesupport (4.0.4) lib/active_support/inflector/methods.rb:224:in `each'
  activesupport (4.0.4) lib/active_support/inflector/methods.rb:224:in `inject'
  activesupport (4.0.4) lib/active_support/inflector/methods.rb:224:in `constantize'
  activesupport (4.0.4) lib/active_support/dependencies.rb:535:in `get'
  activesupport (4.0.4) lib/active_support/dependencies.rb:566:in `constantize'
  actionpack (4.0.4) lib/action_dispatch/routing/route_set.rb:76:in `controller_reference'
  actionpack (4.0.4) lib/action_dispatch/routing/route_set.rb:66:in `controller'
  actionpack (4.0.4) lib/action_dispatch/routing/route_set.rb:44:in `call'
  actionpack (4.0.4) lib/action_dispatch/journey/router.rb:71:in `block in call'
  actionpack (4.0.4) lib/action_dispatch/journey/router.rb:59:in `each'
  actionpack (4.0.4) lib/action_dispatch/journey/router.rb:59:in `call'
  actionpack (4.0.4) lib/action_dispatch/routing/route_set.rb:674:in `call'
  rack (1.5.2) lib/rack/etag.rb:23:in `call'
  rack (1.5.2) lib/rack/conditionalget.rb:25:in `call'
  rack (1.5.2) lib/rack/head.rb:11:in `call'
  actionpack (4.0.4) lib/action_dispatch/middleware/params_parser.rb:27:in `call'
  actionpack (4.0.4) lib/action_dispatch/middleware/flash.rb:241:in `call'
  rack (1.5.2) lib/rack/session/abstract/id.rb:225:in `context'
  rack (1.5.2) lib/rack/session/abstract/id.rb:220:in `call'
  actionpack (4.0.4) lib/action_dispatch/middleware/cookies.rb:486:in `call'
  activerecord (4.0.4) lib/active_record/query_cache.rb:36:in `call'
  activerecord (4.0.4) lib/active_record/connection_adapters/abstract/connection_pool.rb:626:in `call'
  activerecord (4.0.4) lib/active_record/migration.rb:373:in `call'
  actionpack (4.0.4) lib/action_dispatch/middleware/callbacks.rb:29:in `block in call'
  activesupport (4.0.4) lib/active_support/callbacks.rb:373:in `_run__2830379255829105942__call__callbacks'
  activesupport (4.0.4) lib/active_support/callbacks.rb:80:in `run_callbacks'
  actionpack (4.0.4) lib/action_dispatch/middleware/callbacks.rb:27:in `call'
  actionpack (4.0.4) lib/action_dispatch/middleware/reloader.rb:64:in `call'
  actionpack (4.0.4) lib/action_dispatch/middleware/remote_ip.rb:76:in `call'
  actionpack (4.0.4) lib/action_dispatch/middleware/debug_exceptions.rb:17:in `call'
  actionpack (4.0.4) lib/action_dispatch/middleware/show_exceptions.rb:30:in `call'
  railties (4.0.4) lib/rails/rack/logger.rb:38:in `call_app'
  railties (4.0.4) lib/rails/rack/logger.rb:20:in `block in call'
  activesupport (4.0.4) lib/active_support/tagged_logging.rb:68:in `block in tagged'
  activesupport (4.0.4) lib/active_support/tagged_logging.rb:26:in `tagged'
  activesupport (4.0.4) lib/active_support/tagged_logging.rb:68:in `tagged'
  railties (4.0.4) lib/rails/rack/logger.rb:20:in `call'
  actionpack (4.0.4) lib/action_dispatch/middleware/request_id.rb:21:in `call'
  rack (1.5.2) lib/rack/methodoverride.rb:21:in `call'
  rack (1.5.2) lib/rack/runtime.rb:17:in `call'
  activesupport (4.0.4) lib/active_support/cache/strategy/local_cache.rb:83:in `call'
  rack (1.5.2) lib/rack/lock.rb:17:in `call'
  actionpack (4.0.4) lib/action_dispatch/middleware/static.rb:64:in `call'
  rack (1.5.2) lib/rack/sendfile.rb:112:in `call'
  railties (4.0.4) lib/rails/engine.rb:511:in `call'
  railties (4.0.4) lib/rails/application.rb:97:in `call'
  rack (1.5.2) lib/rack/lock.rb:17:in `call'
  rack (1.5.2) lib/rack/content_length.rb:14:in `call'
  rack (1.5.2) lib/rack/handler/webrick.rb:60:in `service'
  /Users/VincentGuerrero/.rvm/rubies/ruby-2.1.1/lib/ruby/2.1.0/webrick/httpserver.rb:138:in `service'
  /Users/VincentGuerrero/.rvm/rubies/ruby-2.1.1/lib/ruby/2.1.0/webrick/httpserver.rb:94:in `run'
  /Users/VincentGuerrero/.rvm/rubies/ruby-2.1.1/lib/ruby/2.1.0/webrick/server.rb:295:in `block in start_thread'


  Rendered /Users/VincentGuerrero/.rvm/gems/ruby-2.1.1@global/gems/actionpack-4.0.4/lib/action_dispatch/middleware/templates/rescues/_source.erb (0.6ms)
  Rendered /Users/VincentGuerrero/.rvm/gems/ruby-2.1.1@global/gems/actionpack-4.0.4/lib/action_dispatch/middleware/templates/rescues/_trace.erb (1.7ms)
  Rendered /Users/VincentGuerrero/.rvm/gems/ruby-2.1.1@global/gems/actionpack-4.0.4/lib/action_dispatch/middleware/templates/rescues/_request_and_response.erb (2.0ms)
  Rendered /Users/VincentGuerrero/.rvm/gems/ruby-2.1.1@global/gems/actionpack-4.0.4/lib/action_dispatch/middleware/templates/rescues/diagnostics.erb within rescues/layout (21.3ms)


Started GET "/api/v1/users/cities" for 127.0.0.1 at 2014-05-22 14:34:29 -0400

RuntimeError (Circular dependency detected while autoloading constant Api::V1::UsersController):
  activesupport (4.0.4) lib/active_support/dependencies.rb:461:in `load_missing_constant'
  activesupport (4.0.4) lib/active_support/dependencies.rb:184:in `const_missing'
  activesupport (4.0.4) lib/active_support/inflector/methods.rb:228:in `const_get'
  activesupport (4.0.4) lib/active_support/inflector/methods.rb:228:in `block in constantize'
  activesupport (4.0.4) lib/active_support/inflector/methods.rb:224:in `each'
  activesupport (4.0.4) lib/active_support/inflector/methods.rb:224:in `inject'
  activesupport (4.0.4) lib/active_support/inflector/methods.rb:224:in `constantize'
  activesupport (4.0.4) lib/active_support/dependencies.rb:535:in `get'
  activesupport (4.0.4) lib/active_support/dependencies.rb:566:in `constantize'
  actionpack (4.0.4) lib/action_dispatch/routing/route_set.rb:76:in `controller_reference'
  actionpack (4.0.4) lib/action_dispatch/routing/route_set.rb:66:in `controller'
  actionpack (4.0.4) lib/action_dispatch/routing/route_set.rb:44:in `call'
  actionpack (4.0.4) lib/action_dispatch/journey/router.rb:71:in `block in call'
  actionpack (4.0.4) lib/action_dispatch/journey/router.rb:59:in `each'
  actionpack (4.0.4) lib/action_dispatch/journey/router.rb:59:in `call'
  actionpack (4.0.4) lib/action_dispatch/routing/route_set.rb:674:in `call'
  rack (1.5.2) lib/rack/etag.rb:23:in `call'
  rack (1.5.2) lib/rack/conditionalget.rb:25:in `call'
  rack (1.5.2) lib/rack/head.rb:11:in `call'
  actionpack (4.0.4) lib/action_dispatch/middleware/params_parser.rb:27:in `call'
  actionpack (4.0.4) lib/action_dispatch/middleware/flash.rb:241:in `call'
  rack (1.5.2) lib/rack/session/abstract/id.rb:225:in `context'
  rack (1.5.2) lib/rack/session/abstract/id.rb:220:in `call'
  actionpack (4.0.4) lib/action_dispatch/middleware/cookies.rb:486:in `call'
  activerecord (4.0.4) lib/active_record/query_cache.rb:36:in `call'
  activerecord (4.0.4) lib/active_record/connection_adapters/abstract/connection_pool.rb:626:in `call'
  activerecord (4.0.4) lib/active_record/migration.rb:373:in `call'
  actionpack (4.0.4) lib/action_dispatch/middleware/callbacks.rb:29:in `block in call'
  activesupport (4.0.4) lib/active_support/callbacks.rb:373:in `_run__2830379255829105942__call__callbacks'
  activesupport (4.0.4) lib/active_support/callbacks.rb:80:in `run_callbacks'
  actionpack (4.0.4) lib/action_dispatch/middleware/callbacks.rb:27:in `call'
  actionpack (4.0.4) lib/action_dispatch/middleware/reloader.rb:64:in `call'
  actionpack (4.0.4) lib/action_dispatch/middleware/remote_ip.rb:76:in `call'
  actionpack (4.0.4) lib/action_dispatch/middleware/debug_exceptions.rb:17:in `call'
  actionpack (4.0.4) lib/action_dispatch/middleware/show_exceptions.rb:30:in `call'
  railties (4.0.4) lib/rails/rack/logger.rb:38:in `call_app'
  railties (4.0.4) lib/rails/rack/logger.rb:20:in `block in call'
  activesupport (4.0.4) lib/active_support/tagged_logging.rb:68:in `block in tagged'
  activesupport (4.0.4) lib/active_support/tagged_logging.rb:26:in `tagged'
  activesupport (4.0.4) lib/active_support/tagged_logging.rb:68:in `tagged'
  railties (4.0.4) lib/rails/rack/logger.rb:20:in `call'
  actionpack (4.0.4) lib/action_dispatch/middleware/request_id.rb:21:in `call'
  rack (1.5.2) lib/rack/methodoverride.rb:21:in `call'
  rack (1.5.2) lib/rack/runtime.rb:17:in `call'
  activesupport (4.0.4) lib/active_support/cache/strategy/local_cache.rb:83:in `call'
  rack (1.5.2) lib/rack/lock.rb:17:in `call'
  actionpack (4.0.4) lib/action_dispatch/middleware/static.rb:64:in `call'
  rack (1.5.2) lib/rack/sendfile.rb:112:in `call'
  railties (4.0.4) lib/rails/engine.rb:511:in `call'
  railties (4.0.4) lib/rails/application.rb:97:in `call'
  rack (1.5.2) lib/rack/lock.rb:17:in `call'
  rack (1.5.2) lib/rack/content_length.rb:14:in `call'
  rack (1.5.2) lib/rack/handler/webrick.rb:60:in `service'
  /Users/VincentGuerrero/.rvm/rubies/ruby-2.1.1/lib/ruby/2.1.0/webrick/httpserver.rb:138:in `service'
  /Users/VincentGuerrero/.rvm/rubies/ruby-2.1.1/lib/ruby/2.1.0/webrick/httpserver.rb:94:in `run'
  /Users/VincentGuerrero/.rvm/rubies/ruby-2.1.1/lib/ruby/2.1.0/webrick/server.rb:295:in `block in start_thread'


  Rendered /Users/VincentGuerrero/.rvm/gems/ruby-2.1.1@global/gems/actionpack-4.0.4/lib/action_dispatch/middleware/templates/rescues/_source.erb (1.1ms)
  Rendered /Users/VincentGuerrero/.rvm/gems/ruby-2.1.1@global/gems/actionpack-4.0.4/lib/action_dispatch/middleware/templates/rescues/_trace.erb (1.6ms)
  Rendered /Users/VincentGuerrero/.rvm/gems/ruby-2.1.1@global/gems/actionpack-4.0.4/lib/action_dispatch/middleware/templates/rescues/_request_and_response.erb (1.8ms)
  Rendered /Users/VincentGuerrero/.rvm/gems/ruby-2.1.1@global/gems/actionpack-4.0.4/lib/action_dispatch/middleware/templates/rescues/diagnostics.erb within rescues/layout (30.1ms)


Started GET "/" for 127.0.0.1 at 2014-05-22 14:38:07 -0400
  [1m[36mActiveRecord::SchemaMigration Load (126.0ms)[0m  [1mSELECT `schema_migrations`.* FROM `schema_migrations`[0m
Processing by UsersController#index as HTML
  Rendered users/index.html.erb within layouts/application (1.6ms)
Completed 200 OK in 82ms (Views: 71.7ms | ActiveRecord: 0.0ms)


Started GET "/assets/ads.css?body=1" for 127.0.0.1 at 2014-05-22 14:38:08 -0400


Started GET "/assets/users.css?body=1" for 127.0.0.1 at 2014-05-22 14:38:09 -0400


Started GET "/assets/jquery_ujs.js?body=1" for 127.0.0.1 at 2014-05-22 14:38:09 -0400


Started GET "/assets/jquery.js?body=1" for 127.0.0.1 at 2014-05-22 14:38:09 -0400


Started GET "/assets/bootstrap.min.css?body=1" for 127.0.0.1 at 2014-05-22 14:38:09 -0400


Started GET "/assets/application.css?body=1" for 127.0.0.1 at 2014-05-22 14:38:09 -0400


Started GET "/assets/turbolinks.js?body=1" for 127.0.0.1 at 2014-05-22 14:38:09 -0400


Started GET "/assets/ads.js?body=1" for 127.0.0.1 at 2014-05-22 14:38:09 -0400


Started GET "/assets/users.js?body=1" for 127.0.0.1 at 2014-05-22 14:38:10 -0400


Started GET "/assets/application.js?body=1" for 127.0.0.1 at 2014-05-22 14:38:10 -0400


Started GET "/api/v1/users/cities" for 127.0.0.1 at 2014-05-22 14:38:16 -0400
Processing by API::V1::UsersController#cities as JSON
  [1m[35mCity Load (164.8ms)[0m  SELECT `cities`.* FROM `cities`
Completed 200 OK in 610ms (Views: 0.8ms | ActiveRecord: 577.5ms)


Started GET "/" for 127.0.0.1 at 2014-05-22 18:34:29 -0400
  [1m[36mActiveRecord::SchemaMigration Load (154.4ms)[0m  [1mSELECT `schema_migrations`.* FROM `schema_migrations`[0m
Processing by UsersController#index as HTML
  Rendered users/index.html.erb within layouts/application (3.4ms)
Completed 200 OK in 107ms (Views: 89.4ms | ActiveRecord: 0.0ms)


Started GET "/assets/ads.css?body=1" for 127.0.0.1 at 2014-05-22 18:34:32 -0400


Started GET "/assets/jquery.js?body=1" for 127.0.0.1 at 2014-05-22 18:34:32 -0400


Started GET "/assets/bootstrap.min.css?body=1" for 127.0.0.1 at 2014-05-22 18:34:32 -0400


Started GET "/assets/users.css?body=1" for 127.0.0.1 at 2014-05-22 18:34:32 -0400


Started GET "/assets/jquery_ujs.js?body=1" for 127.0.0.1 at 2014-05-22 18:34:33 -0400


Started GET "/assets/application.css?body=1" for 127.0.0.1 at 2014-05-22 18:34:33 -0400


Started GET "/assets/turbolinks.js?body=1" for 127.0.0.1 at 2014-05-22 18:34:33 -0400


Started GET "/assets/ads.js?body=1" for 127.0.0.1 at 2014-05-22 18:34:33 -0400


Started GET "/assets/users.js?body=1" for 127.0.0.1 at 2014-05-22 18:34:33 -0400


Started GET "/assets/application.js?body=1" for 127.0.0.1 at 2014-05-22 18:34:33 -0400


Started GET "/users/logout" for 127.0.0.1 at 2014-05-22 18:34:47 -0400
Processing by UsersController#logout as HTML
Redirected to http://127.0.0.1:3000/
Completed 302 Found in 1ms (ActiveRecord: 0.0ms)


Started GET "/" for 127.0.0.1 at 2014-05-22 18:34:48 -0400
Processing by UsersController#index as HTML
  Rendered users/index.html.erb within layouts/application (0.6ms)
Completed 200 OK in 9ms (Views: 8.1ms | ActiveRecord: 0.0ms)


Started GET "/users/login" for 127.0.0.1 at 2014-05-22 18:34:49 -0400
Processing by UsersController#login as HTML
  Rendered users/login.html.erb within layouts/application (12.0ms)
Completed 200 OK in 28ms (Views: 27.2ms | ActiveRecord: 0.0ms)


Started POST "/users/authenticate" for 127.0.0.1 at 2014-05-22 18:34:54 -0400
Processing by UsersController#authenticate as HTML
  Parameters: {"utf8"=>"✓", "authenticity_token"=>"tr5P0XBruLyowCBu/4KOPNaekdN2AZIrp8V8WWuVyMA=", "email"=>"v.davidguerrero@gmail.com", "password"=>"[FILTERED]", "commit"=>"Create Section"}
Completed 500 Internal Server Error in 13ms

Gem::LoadError (bcrypt-ruby is not part of the bundle. Add it to Gemfile.):
  app/models/user.rb:5:in `<class:User>'
  app/models/user.rb:1:in `<top (required)>'
  app/controllers/users_controller.rb:42:in `authenticate'


  Rendered /Users/VincentGuerrero/.rvm/gems/ruby-2.1.1/gems/actionpack-4.0.0/lib/action_dispatch/middleware/templates/rescues/_source.erb (1.7ms)
  Rendered /Users/VincentGuerrero/.rvm/gems/ruby-2.1.1/gems/actionpack-4.0.0/lib/action_dispatch/middleware/templates/rescues/_trace.erb (2.3ms)
  Rendered /Users/VincentGuerrero/.rvm/gems/ruby-2.1.1/gems/actionpack-4.0.0/lib/action_dispatch/middleware/templates/rescues/_request_and_response.erb (1.8ms)
  Rendered /Users/VincentGuerrero/.rvm/gems/ruby-2.1.1/gems/actionpack-4.0.0/lib/action_dispatch/middleware/templates/rescues/diagnostics.erb within rescues/layout (24.3ms)


Started POST "/users/authenticate" for 127.0.0.1 at 2014-05-22 18:37:27 -0400
  [1m[36mActiveRecord::SchemaMigration Load (129.3ms)[0m  [1mSELECT `schema_migrations`.* FROM `schema_migrations`[0m
Processing by UsersController#authenticate as HTML
  Parameters: {"utf8"=>"✓", "authenticity_token"=>"tr5P0XBruLyowCBu/4KOPNaekdN2AZIrp8V8WWuVyMA=", "email"=>"v.davidguerrero@gmail.com", "password"=>"[FILTERED]", "commit"=>"Create Section"}
Completed 500 Internal Server Error in 27ms

Gem::LoadError (bcrypt-ruby is not part of the bundle. Add it to Gemfile.):
  app/models/user.rb:5:in `<class:User>'
  app/models/user.rb:1:in `<top (required)>'
  app/controllers/users_controller.rb:42:in `authenticate'


  Rendered /Users/VincentGuerrero/.rvm/gems/ruby-2.1.1/gems/actionpack-4.0.0/lib/action_dispatch/middleware/templates/rescues/_source.erb (4.0ms)
  Rendered /Users/VincentGuerrero/.rvm/gems/ruby-2.1.1/gems/actionpack-4.0.0/lib/action_dispatch/middleware/templates/rescues/_trace.erb (1.6ms)
  Rendered /Users/VincentGuerrero/.rvm/gems/ruby-2.1.1/gems/actionpack-4.0.0/lib/action_dispatch/middleware/templates/rescues/_request_and_response.erb (1.3ms)
  Rendered /Users/VincentGuerrero/.rvm/gems/ruby-2.1.1/gems/actionpack-4.0.0/lib/action_dispatch/middleware/templates/rescues/diagnostics.erb within rescues/layout (41.0ms)


Started POST "/users/authenticate" for 127.0.0.1 at 2014-05-22 18:38:35 -0400
  [1m[36mActiveRecord::SchemaMigration Load (145.6ms)[0m  [1mSELECT `schema_migrations`.* FROM `schema_migrations`[0m
Processing by UsersController#authenticate as HTML
  Parameters: {"utf8"=>"✓", "authenticity_token"=>"tr5P0XBruLyowCBu/4KOPNaekdN2AZIrp8V8WWuVyMA=", "email"=>"v.davidguerrero@gmail.com", "password"=>"[FILTERED]", "commit"=>"Create Section"}
Completed 500 Internal Server Error in 53ms

Gem::LoadError (can't activate bcrypt-ruby (~> 3.0.0), already activated bcrypt-ruby-3.1.5. Make sure all dependencies are added to Gemfile.):
  app/models/user.rb:5:in `<class:User>'
  app/models/user.rb:1:in `<top (required)>'
  app/controllers/users_controller.rb:42:in `authenticate'


  Rendered /Users/VincentGuerrero/.rvm/gems/ruby-2.1.1/gems/actionpack-4.0.0/lib/action_dispatch/middleware/templates/rescues/_source.erb (1.3ms)
  Rendered /Users/VincentGuerrero/.rvm/gems/ruby-2.1.1/gems/actionpack-4.0.0/lib/action_dispatch/middleware/templates/rescues/_trace.erb (2.4ms)
  Rendered /Users/VincentGuerrero/.rvm/gems/ruby-2.1.1/gems/actionpack-4.0.0/lib/action_dispatch/middleware/templates/rescues/_request_and_response.erb (1.7ms)
  Rendered /Users/VincentGuerrero/.rvm/gems/ruby-2.1.1/gems/actionpack-4.0.0/lib/action_dispatch/middleware/templates/rescues/diagnostics.erb within rescues/layout (34.9ms)


Started POST "/users/authenticate" for 127.0.0.1 at 2014-05-22 18:39:34 -0400
  [1m[36mActiveRecord::SchemaMigration Load (146.7ms)[0m  [1mSELECT `schema_migrations`.* FROM `schema_migrations`[0m
Processing by UsersController#authenticate as HTML
  Parameters: {"utf8"=>"✓", "authenticity_token"=>"tr5P0XBruLyowCBu/4KOPNaekdN2AZIrp8V8WWuVyMA=", "email"=>"v.davidguerrero@gmail.com", "password"=>"[FILTERED]", "commit"=>"Create Section"}
Completed 500 Internal Server Error in 57ms

Gem::LoadError (can't activate bcrypt-ruby (~> 3.0.0), already activated bcrypt-ruby-3.1.5. Make sure all dependencies are added to Gemfile.):
  app/models/user.rb:5:in `<class:User>'
  app/models/user.rb:1:in `<top (required)>'
  app/controllers/users_controller.rb:42:in `authenticate'


  Rendered /Users/VincentGuerrero/.rvm/gems/ruby-2.1.1/gems/actionpack-4.0.0/lib/action_dispatch/middleware/templates/rescues/_source.erb (1.6ms)
  Rendered /Users/VincentGuerrero/.rvm/gems/ruby-2.1.1/gems/actionpack-4.0.0/lib/action_dispatch/middleware/templates/rescues/_trace.erb (2.9ms)
  Rendered /Users/VincentGuerrero/.rvm/gems/ruby-2.1.1/gems/actionpack-4.0.0/lib/action_dispatch/middleware/templates/rescues/_request_and_response.erb (1.5ms)
  Rendered /Users/VincentGuerrero/.rvm/gems/ruby-2.1.1/gems/actionpack-4.0.0/lib/action_dispatch/middleware/templates/rescues/diagnostics.erb within rescues/layout (38.0ms)


Started GET "/" for 127.0.0.1 at 2014-05-22 21:17:21 -0400
  [1m[36mActiveRecord::SchemaMigration Load (137.1ms)[0m  [1mSELECT `schema_migrations`.* FROM `schema_migrations`[0m
Processing by UsersController#index as HTML
  Rendered users/index.html.erb within layouts/application (2.2ms)
Completed 200 OK in 98ms (Views: 85.4ms | ActiveRecord: 0.0ms)


Started GET "/assets/ads.css?body=1" for 127.0.0.1 at 2014-05-22 21:17:24 -0400


Started GET "/assets/users.css?body=1" for 127.0.0.1 at 2014-05-22 21:17:24 -0400


Started GET "/assets/bootstrap.min.css?body=1" for 127.0.0.1 at 2014-05-22 21:17:24 -0400


Started GET "/assets/jquery.js?body=1" for 127.0.0.1 at 2014-05-22 21:17:24 -0400


Started GET "/assets/jquery_ujs.js?body=1" for 127.0.0.1 at 2014-05-22 21:17:24 -0400


Started GET "/assets/application.css?body=1" for 127.0.0.1 at 2014-05-22 21:17:25 -0400


Started GET "/assets/turbolinks.js?body=1" for 127.0.0.1 at 2014-05-22 21:17:25 -0400


Started GET "/assets/ads.js?body=1" for 127.0.0.1 at 2014-05-22 21:17:25 -0400


Started GET "/assets/users.js?body=1" for 127.0.0.1 at 2014-05-22 21:17:25 -0400


Started GET "/assets/application.js?body=1" for 127.0.0.1 at 2014-05-22 21:17:25 -0400


Started GET "/users/login" for 127.0.0.1 at 2014-05-22 21:17:27 -0400
Processing by UsersController#login as HTML
  Rendered users/login.html.erb within layouts/application (14.4ms)
Completed 200 OK in 29ms (Views: 28.4ms | ActiveRecord: 0.0ms)


Started GET "/users/new" for 127.0.0.1 at 2014-05-22 21:17:27 -0400
Processing by UsersController#new as HTML
  [1m[35mCity Load (142.2ms)[0m  SELECT `cities`.* FROM `cities`
  Rendered users/new.html.erb within layouts/application (619.2ms)
Completed 200 OK in 640ms (Views: 33.8ms | ActiveRecord: 592.8ms)


Started GET "/users/new" for 127.0.0.1 at 2014-05-22 21:17:29 -0400
Processing by UsersController#new as HTML
  [1m[36mCity Load (152.2ms)[0m  [1mSELECT `cities`.* FROM `cities`[0m
  Rendered users/new.html.erb within layouts/application (155.4ms)
Completed 200 OK in 161ms (Views: 8.5ms | ActiveRecord: 152.2ms)


Started POST "/users/create" for 127.0.0.1 at 2014-05-22 21:17:43 -0400
Processing by UsersController#create as HTML
  Parameters: {"utf8"=>"✓", "authenticity_token"=>"tr5P0XBruLyowCBu/4KOPNaekdN2AZIrp8V8WWuVyMA=", "user"=>{"name"=>"Vincent", "last_name"=>"guerrero", "cellphone"=>"1234567891", "phone"=>"1234567891", "address"=>"dd", "email"=>"puca2@gmail.com", "password"=>"[FILTERED]", "password_confirmation"=>"[FILTERED]", "city_id"=>"1"}, "commit"=>"Create Section"}
Completed 500 Internal Server Error in 23ms

Gem::LoadError (can't activate bcrypt-ruby (~> 3.0.0), already activated bcrypt-ruby-3.1.5. Make sure all dependencies are added to Gemfile.):
  app/models/user.rb:5:in `<class:User>'
  app/models/user.rb:1:in `<top (required)>'
  app/controllers/users_controller.rb:15:in `create'


  Rendered /Users/VincentGuerrero/.rvm/gems/ruby-2.1.1/gems/actionpack-4.0.0/lib/action_dispatch/middleware/templates/rescues/_source.erb (1.3ms)
  Rendered /Users/VincentGuerrero/.rvm/gems/ruby-2.1.1/gems/actionpack-4.0.0/lib/action_dispatch/middleware/templates/rescues/_trace.erb (2.1ms)
  Rendered /Users/VincentGuerrero/.rvm/gems/ruby-2.1.1/gems/actionpack-4.0.0/lib/action_dispatch/middleware/templates/rescues/_request_and_response.erb (1.8ms)
  Rendered /Users/VincentGuerrero/.rvm/gems/ruby-2.1.1/gems/actionpack-4.0.0/lib/action_dispatch/middleware/templates/rescues/diagnostics.erb within rescues/layout (27.8ms)


Started POST "/users/create" for 127.0.0.1 at 2014-05-22 21:18:25 -0400
  [1m[36mActiveRecord::SchemaMigration Load (150.4ms)[0m  [1mSELECT `schema_migrations`.* FROM `schema_migrations`[0m
Processing by UsersController#create as HTML
  Parameters: {"utf8"=>"✓", "authenticity_token"=>"tr5P0XBruLyowCBu/4KOPNaekdN2AZIrp8V8WWuVyMA=", "user"=>{"name"=>"Vincent", "last_name"=>"guerrero", "cellphone"=>"1234567891", "phone"=>"1234567891", "address"=>"dd", "email"=>"puca2@gmail.com", "password"=>"[FILTERED]", "password_confirmation"=>"[FILTERED]", "city_id"=>"1"}, "commit"=>"Create Section"}
Completed 500 Internal Server Error in 16ms

Gem::LoadError (can't activate bcrypt-ruby (~> 3.0.0), already activated bcrypt-ruby-3.1.5. Make sure all dependencies are added to Gemfile.):
  app/models/user.rb:5:in `<class:User>'
  app/models/user.rb:1:in `<top (required)>'
  app/controllers/users_controller.rb:15:in `create'


  Rendered /Users/VincentGuerrero/.rvm/gems/ruby-2.1.1/gems/actionpack-4.0.0/lib/action_dispatch/middleware/templates/rescues/_source.erb (0.8ms)
  Rendered /Users/VincentGuerrero/.rvm/gems/ruby-2.1.1/gems/actionpack-4.0.0/lib/action_dispatch/middleware/templates/rescues/_trace.erb (1.4ms)
  Rendered /Users/VincentGuerrero/.rvm/gems/ruby-2.1.1/gems/actionpack-4.0.0/lib/action_dispatch/middleware/templates/rescues/_request_and_response.erb (1.2ms)
  Rendered /Users/VincentGuerrero/.rvm/gems/ruby-2.1.1/gems/actionpack-4.0.0/lib/action_dispatch/middleware/templates/rescues/diagnostics.erb within rescues/layout (19.2ms)


Started POST "/users/authenticate" for 127.0.0.1 at 2014-05-22 21:26:06 -0400
  [1m[36mActiveRecord::SchemaMigration Load (155.8ms)[0m  [1mSELECT `schema_migrations`.* FROM `schema_migrations`[0m
Processing by UsersController#authenticate as HTML
  Parameters: {"utf8"=>"✓", "authenticity_token"=>"tr5P0XBruLyowCBu/4KOPNaekdN2AZIrp8V8WWuVyMA=", "email"=>"v.davidguerrero@gmail.com", "password"=>"[FILTERED]", "commit"=>"Create Section"}
  [1m[35mUser Load (136.4ms)[0m  SELECT `users`.* FROM `users` WHERE `users`.`email` = 'v.davidguerrero@gmail.com' LIMIT 1
Redirected to http://127.0.0.1:3000/
Completed 302 Found in 805ms (ActiveRecord: 637.0ms)


Started GET "/" for 127.0.0.1 at 2014-05-22 21:26:09 -0400
Processing by UsersController#index as HTML
  Rendered users/index.html.erb within layouts/application (1.9ms)
Completed 200 OK in 79ms (Views: 78.5ms | ActiveRecord: 0.0ms)


Started GET "/assets/ads.css?body=1" for 127.0.0.1 at 2014-05-22 21:26:09 -0400


Started GET "/assets/bootstrap.min.css?body=1" for 127.0.0.1 at 2014-05-22 21:26:09 -0400


Started GET "/assets/jquery.js?body=1" for 127.0.0.1 at 2014-05-22 21:26:10 -0400


Started GET "/assets/users.css?body=1" for 127.0.0.1 at 2014-05-22 21:26:10 -0400


Started GET "/assets/application.css?body=1" for 127.0.0.1 at 2014-05-22 21:26:10 -0400


Started GET "/assets/jquery_ujs.js?body=1" for 127.0.0.1 at 2014-05-22 21:26:10 -0400


Started GET "/assets/turbolinks.js?body=1" for 127.0.0.1 at 2014-05-22 21:26:10 -0400


Started GET "/assets/ads.js?body=1" for 127.0.0.1 at 2014-05-22 21:26:10 -0400


Started GET "/assets/users.js?body=1" for 127.0.0.1 at 2014-05-22 21:26:10 -0400


Started GET "/assets/application.js?body=1" for 127.0.0.1 at 2014-05-22 21:26:11 -0400


Started GET "/users/logout" for 127.0.0.1 at 2014-05-22 21:26:13 -0400
Processing by UsersController#logout as HTML
Redirected to http://127.0.0.1:3000/
Completed 302 Found in 1ms (ActiveRecord: 0.0ms)


Started GET "/" for 127.0.0.1 at 2014-05-22 21:26:14 -0400
Processing by UsersController#index as HTML
  Rendered users/index.html.erb within layouts/application (0.4ms)
Completed 200 OK in 7ms (Views: 6.4ms | ActiveRecord: 0.0ms)


Started GET "/users/login" for 127.0.0.1 at 2014-05-22 21:26:16 -0400
Processing by UsersController#login as HTML
  Rendered users/login.html.erb within layouts/application (11.6ms)
Completed 200 OK in 21ms (Views: 20.4ms | ActiveRecord: 0.0ms)


Started POST "/users/authenticate" for 127.0.0.1 at 2014-05-22 21:26:19 -0400
Processing by UsersController#authenticate as HTML
  Parameters: {"utf8"=>"✓", "authenticity_token"=>"tr5P0XBruLyowCBu/4KOPNaekdN2AZIrp8V8WWuVyMA=", "email"=>"v.davidguerrero@gmail.com", "password"=>"[FILTERED]", "commit"=>"Create Section"}
  [1m[36mUser Load (152.4ms)[0m  [1mSELECT `users`.* FROM `users` WHERE `users`.`email` = 'v.davidguerrero@gmail.com' LIMIT 1[0m
Redirected to http://127.0.0.1:3000/
Completed 302 Found in 246ms (ActiveRecord: 152.4ms)


Started GET "/" for 127.0.0.1 at 2014-05-22 21:26:19 -0400
Processing by UsersController#index as HTML
  Rendered users/index.html.erb within layouts/application (0.1ms)
Completed 200 OK in 10ms (Views: 9.4ms | ActiveRecord: 0.0ms)


Started GET "/assets/ads.css?body=1" for 127.0.0.1 at 2014-05-22 21:26:20 -0400


Started GET "/assets/jquery_ujs.js?body=1" for 127.0.0.1 at 2014-05-22 21:26:20 -0400


Started GET "/assets/users.css?body=1" for 127.0.0.1 at 2014-05-22 21:26:20 -0400


Started GET "/assets/bootstrap.min.css?body=1" for 127.0.0.1 at 2014-05-22 21:26:20 -0400


Started GET "/assets/jquery.js?body=1" for 127.0.0.1 at 2014-05-22 21:26:20 -0400


Started GET "/assets/application.css?body=1" for 127.0.0.1 at 2014-05-22 21:26:20 -0400


Started GET "/assets/turbolinks.js?body=1" for 127.0.0.1 at 2014-05-22 21:26:21 -0400


Started GET "/assets/ads.js?body=1" for 127.0.0.1 at 2014-05-22 21:26:21 -0400


Started GET "/assets/users.js?body=1" for 127.0.0.1 at 2014-05-22 21:26:21 -0400


Started GET "/assets/application.js?body=1" for 127.0.0.1 at 2014-05-22 21:26:21 -0400
